#
# There is insufficient memory for the Java Runtime Environment to continue.
# Native memory allocation (malloc) failed to allocate 74896 bytes for Chunk::new
# Possible reasons:
#   The system is out of physical RAM or swap space
#   The process is running with CompressedOops enabled, and the Java Heap may be blocking the growth of the native heap
# Possible solutions:
#   Reduce memory load on the system
#   Increase physical memory or swap space
#   Check if swap backing store is full
#   Decrease Java heap size (-Xmx/-Xms)
#   Decrease number of Java threads
#   Decrease Java thread stack sizes (-Xss)
#   Set larger code cache with -XX:ReservedCodeCacheSize=
#   JVM is running with Zero Based Compressed Oops mode in which the Java heap is
#     placed in the first 32GB address space. The Java Heap base address is the
#     maximum limit for the native heap growth. Please use -XX:HeapBaseMinAddress
#     to set the Java Heap base and to place the Java Heap above 32GB virtual address.
# This output file may be truncated or incomplete.
#
#  Out of Memory Error (arena.cpp:189), pid=31816, tid=25692
#
# JRE version: Java(TM) SE Runtime Environment (17.0.5+9) (build 17.0.5+9-LTS-191)
# Java VM: Java HotSpot(TM) 64-Bit Server VM (17.0.5+9-LTS-191, mixed mode, sharing, tiered, compressed oops, compressed class ptrs, g1 gc, windows-amd64)
# No core dump will be written. Minidumps are not enabled by default on client versions of Windows
#

---------------  S U M M A R Y ------------

Command Line: -javaagent:C:\Program Files\JetBrains\IntelliJ IDEA Community Edition 2022.3.2\lib\idea_rt.jar=62873:C:\Program Files\JetBrains\IntelliJ IDEA Community Edition 2022.3.2\bin -Dfile.encoding=UTF-8 com.example.eureka.EurekaApplication

Host: Intel(R) Core(TM) i5-1035G1 CPU @ 1.00GHz, 8 cores, 19G,  Windows 10 , 64 bit Build 19041 (10.0.19041.2546)
Time: Wed Mar  8 11:08:24 2023 Maroc (heure d64 bit Build 19041 (10.0.19041.2546) elapsed time: 0.913292 seconds (0d 0h 0m 0s)

---------------  T H R E A D  ---------------

Current thread (0x0000021bd6ba31c0):  JavaThread "C2 CompilerThread1" daemon [_thread_in_native, id=25692, stack(0x00000072d4f00000,0x00000072d5000000)]


Current CompileTask:
C2:    913  932       4       java.lang.String::startsWith (7 bytes)

Stack: [0x00000072d4f00000,0x00000072d5000000]
Native frames: (J=compiled Java code, j=interpreted, Vv=VM code, C=native code)
V  [jvm.dll+0x672eea]
V  [jvm.dll+0x7d2a04]
V  [jvm.dll+0x7d41ae]
V  [jvm.dll+0x7d4813]
V  [jvm.dll+0x242c15]
V  [jvm.dll+0xaa57b]
V  [jvm.dll+0xaab0c]
V  [jvm.dll+0x2a997f]
V  [jvm.dll+0x57b307]
V  [jvm.dll+0x21de72]
V  [jvm.dll+0x21e24f]
V  [jvm.dll+0x217b15]
V  [jvm.dll+0x214fdb]
V  [jvm.dll+0x1a18ed]
V  [jvm.dll+0x22493a]
V  [jvm.dll+0x222aa5]
V  [jvm.dll+0x7885db]
V  [jvm.dll+0x782b4a]
V  [jvm.dll+0x671d75]
C  [ucrtbase.dll+0x21bb2]
C  [KERNEL32.DLL+0x17614]
C  [ntdll.dll+0x526a1]


---------------  P R O C E S S  ---------------

Threads class SMR info:
_java_thread_list=0x0000021bd6ff3f10, length=14, elements={
0x0000021bb0d06500, 0x0000021bd5f065b0, 0x0000021bd5f07070, 0x0000021bd5f17110,
0x0000021bd5f199e0, 0x0000021bd5f1c2b0, 0x0000021bd5f1cb70, 0x0000021bd5f21070,
0x0000021bd5f29980, 0x0000021bd5f2a280, 0x0000021bd69b1b50, 0x0000021bd6ba31c0,
0x0000021bd6c72b10, 0x0000021bd6c72fe0
}

Java Threads: ( => current thread )
  0x0000021bb0d06500 JavaThread "main" [_thread_in_Java, id=45248, stack(0x00000072d3e00000,0x00000072d3f00000)]
  0x0000021bd5f065b0 JavaThread "Reference Handler" daemon [_thread_blocked, id=40796, stack(0x00000072d4500000,0x00000072d4600000)]
  0x0000021bd5f07070 JavaThread "Finalizer" daemon [_thread_blocked, id=16104, stack(0x00000072d4600000,0x00000072d4700000)]
  0x0000021bd5f17110 JavaThread "Signal Dispatcher" daemon [_thread_blocked, id=13476, stack(0x00000072d4700000,0x00000072d4800000)]
  0x0000021bd5f199e0 JavaThread "Attach Listener" daemon [_thread_blocked, id=7948, stack(0x00000072d4800000,0x00000072d4900000)]
  0x0000021bd5f1c2b0 JavaThread "Service Thread" daemon [_thread_blocked, id=46236, stack(0x00000072d4900000,0x00000072d4a00000)]
  0x0000021bd5f1cb70 JavaThread "Monitor Deflation Thread" daemon [_thread_blocked, id=42440, stack(0x00000072d4a00000,0x00000072d4b00000)]
  0x0000021bd5f21070 JavaThread "C2 CompilerThread0" daemon [_thread_in_native, id=40728, stack(0x00000072d4b00000,0x00000072d4c00000)]
  0x0000021bd5f29980 JavaThread "C1 CompilerThread0" daemon [_thread_blocked, id=22792, stack(0x00000072d4c00000,0x00000072d4d00000)]
  0x0000021bd5f2a280 JavaThread "Sweeper thread" daemon [_thread_blocked, id=42460, stack(0x00000072d4d00000,0x00000072d4e00000)]
  0x0000021bd69b1b50 JavaThread "Common-Cleaner" daemon [_thread_blocked, id=30108, stack(0x00000072d4e00000,0x00000072d4f00000)]
=>0x0000021bd6ba31c0 JavaThread "C2 CompilerThread1" daemon [_thread_in_native, id=25692, stack(0x00000072d4f00000,0x00000072d5000000)]
  0x0000021bd6c72b10 JavaThread "Monitor Ctrl-Break" daemon [_thread_in_native, id=18100, stack(0x00000072d5000000,0x00000072d5100000)]
  0x0000021bd6c72fe0 JavaThread "Notification Thread" daemon [_thread_blocked, id=39056, stack(0x00000072d5100000,0x00000072d5200000)]

Other Threads:
  0x0000021bd5eff330 VMThread "VM Thread" [stack: 0x00000072d4400000,0x00000072d4500000] [id=33348]
  0x0000021bb0d94360 WatcherThread [stack: 0x00000072d5200000,0x00000072d5300000] [id=29896]
  0x0000021bb0d7d080 GCTaskThread "GC Thread#0" [stack: 0x00000072d3f00000,0x00000072d4000000] [id=46020]
  0x0000021bd73477d0 GCTaskThread "GC Thread#1" [stack: 0x00000072d5300000,0x00000072d5400000] [id=840]
  0x0000021bd73ad760 GCTaskThread "GC Thread#2" [stack: 0x00000072d5400000,0x00000072d5500000] [id=23976]
  0x0000021bd7281040 GCTaskThread "GC Thread#3" [stack: 0x00000072d5500000,0x00000072d5600000] [id=41960]
  0x0000021bd7390bf0 GCTaskThread "GC Thread#4" [stack: 0x00000072d5600000,0x00000072d5700000] [id=29988]
  0x0000021bd7390ea0 GCTaskThread "GC Thread#5" [stack: 0x00000072d5700000,0x00000072d5800000] [id=22868]
  0x0000021bd7337460 GCTaskThread "GC Thread#6" [stack: 0x00000072d5800000,0x00000072d5900000] [id=25080]
  0x0000021bb0d89d70 ConcurrentGCThread "G1 Main Marker" [stack: 0x00000072d4000000,0x00000072d4100000] [id=30712]
  0x0000021bb0d8ae30 ConcurrentGCThread "G1 Conc#0" [stack: 0x00000072d4100000,0x00000072d4200000] [id=33684]
  0x0000021bb0dc5c80 ConcurrentGCThread "G1 Refine#0" [stack: 0x00000072d4200000,0x00000072d4300000] [id=33488]
  0x0000021bd5dc3720 ConcurrentGCThread "G1 Service" [stack: 0x00000072d4300000,0x00000072d4400000] [id=28456]

Threads with active compile tasks:
C2 CompilerThread0      943  938       4       java.util.HashMap::resize (356 bytes)
C2 CompilerThread1      943  932       4       java.lang.String::startsWith (7 bytes)

VM state: not at safepoint (normal execution)

VM Mutex/Monitor currently owned by a thread: None

Heap address: 0x00000006c3000000, size: 5072 MB, Compressed Oops mode: Zero based, Oop shift amount: 3

CDS archive(s) mapped at: [0x0000000800000000-0x0000000800bd0000-0x0000000800bd0000), size 12386304, SharedBaseAddress: 0x0000000800000000, ArchiveRelocationMode: 0.
Compressed class space mapped at: 0x0000000800c00000-0x0000000840c00000, reserved size: 1073741824
Narrow klass base: 0x0000000800000000, Narrow klass shift: 0, Narrow klass range: 0x100000000

GC Precious Log:
 CPUs: 8 total, 8 available
 Memory: 20275M
 Large Page Support: Disabled
 NUMA Support: Disabled
 Compressed Oops: Enabled (Zero based)
 Heap Region Size: 4M
 Heap Min Capacity: 8M
 Heap Initial Capacity: 320M
 Heap Max Capacity: 5072M
 Pre-touch: Disabled
 Parallel Workers: 8
 Concurrent Workers: 2
 Concurrent Refinement Workers: 8
 Periodic GC: Disabled

Heap:
 garbage-first heap   total 327680K, used 10894K [0x00000006c3000000, 0x0000000800000000)
  region size 4096K, 3 young (12288K), 1 survivors (4096K)
 Metaspace       used 4651K, committed 4800K, reserved 1056768K
  class space    used 521K, committed 576K, reserved 1048576K

Heap Regions: E=young(eden), S=young(survivor), O=old, HS=humongous(starts), HC=humongous(continues), CS=collection set, F=free, OA=open archive, CA=closed archive, TAMS=top-at-mark-start (previous, next)
|   0|0x00000006c3000000, 0x00000006c32a3800, 0x00000006c3400000| 65%| O|  |TAMS 0x00000006c3000000, 0x00000006c3000000| Untracked 
|   1|0x00000006c3400000, 0x00000006c3400000, 0x00000006c3800000|  0%| F|  |TAMS 0x00000006c3400000, 0x00000006c3400000| Untracked 
|   2|0x00000006c3800000, 0x00000006c3800000, 0x00000006c3c00000|  0%| F|  |TAMS 0x00000006c3800000, 0x00000006c3800000| Untracked 
|   3|0x00000006c3c00000, 0x00000006c3c00000, 0x00000006c4000000|  0%| F|  |TAMS 0x00000006c3c00000, 0x00000006c3c00000| Untracked 
|   4|0x00000006c4000000, 0x00000006c4000000, 0x00000006c4400000|  0%| F|  |TAMS 0x00000006c4000000, 0x00000006c4000000| Untracked 
|   5|0x00000006c4400000, 0x00000006c4400000, 0x00000006c4800000|  0%| F|  |TAMS 0x00000006c4400000, 0x00000006c4400000| Untracked 
|   6|0x00000006c4800000, 0x00000006c4800000, 0x00000006c4c00000|  0%| F|  |TAMS 0x00000006c4800000, 0x00000006c4800000| Untracked 
|   7|0x00000006c4c00000, 0x00000006c4c00000, 0x00000006c5000000|  0%| F|  |TAMS 0x00000006c4c00000, 0x00000006c4c00000| Untracked 
|   8|0x00000006c5000000, 0x00000006c5000000, 0x00000006c5400000|  0%| F|  |TAMS 0x00000006c5000000, 0x00000006c5000000| Untracked 
|   9|0x00000006c5400000, 0x00000006c5400000, 0x00000006c5800000|  0%| F|  |TAMS 0x00000006c5400000, 0x00000006c5400000| Untracked 
|  10|0x00000006c5800000, 0x00000006c5800000, 0x00000006c5c00000|  0%| F|  |TAMS 0x00000006c5800000, 0x00000006c5800000| Untracked 
|  11|0x00000006c5c00000, 0x00000006c5c00000, 0x00000006c6000000|  0%| F|  |TAMS 0x00000006c5c00000, 0x00000006c5c00000| Untracked 
|  12|0x00000006c6000000, 0x00000006c6000000, 0x00000006c6400000|  0%| F|  |TAMS 0x00000006c6000000, 0x00000006c6000000| Untracked 
|  13|0x00000006c6400000, 0x00000006c6400000, 0x00000006c6800000|  0%| F|  |TAMS 0x00000006c6400000, 0x00000006c6400000| Untracked 
|  14|0x00000006c6800000, 0x00000006c6800000, 0x00000006c6c00000|  0%| F|  |TAMS 0x00000006c6800000, 0x00000006c6800000| Untracked 
|  15|0x00000006c6c00000, 0x00000006c6c00000, 0x00000006c7000000|  0%| F|  |TAMS 0x00000006c6c00000, 0x00000006c6c00000| Untracked 
|  16|0x00000006c7000000, 0x00000006c7000000, 0x00000006c7400000|  0%| F|  |TAMS 0x00000006c7000000, 0x00000006c7000000| Untracked 
|  17|0x00000006c7400000, 0x00000006c7400000, 0x00000006c7800000|  0%| F|  |TAMS 0x00000006c7400000, 0x00000006c7400000| Untracked 
|  18|0x00000006c7800000, 0x00000006c7800000, 0x00000006c7c00000|  0%| F|  |TAMS 0x00000006c7800000, 0x00000006c7800000| Untracked 
|  19|0x00000006c7c00000, 0x00000006c7c00000, 0x00000006c8000000|  0%| F|  |TAMS 0x00000006c7c00000, 0x00000006c7c00000| Untracked 
|  20|0x00000006c8000000, 0x00000006c8000000, 0x00000006c8400000|  0%| F|  |TAMS 0x00000006c8000000, 0x00000006c8000000| Untracked 
|  21|0x00000006c8400000, 0x00000006c8400000, 0x00000006c8800000|  0%| F|  |TAMS 0x00000006c8400000, 0x00000006c8400000| Untracked 
|  22|0x00000006c8800000, 0x00000006c8800000, 0x00000006c8c00000|  0%| F|  |TAMS 0x00000006c8800000, 0x00000006c8800000| Untracked 
|  23|0x00000006c8c00000, 0x00000006c8c00000, 0x00000006c9000000|  0%| F|  |TAMS 0x00000006c8c00000, 0x00000006c8c00000| Untracked 
|  24|0x00000006c9000000, 0x00000006c9000000, 0x00000006c9400000|  0%| F|  |TAMS 0x00000006c9000000, 0x00000006c9000000| Untracked 
|  25|0x00000006c9400000, 0x00000006c9400000, 0x00000006c9800000|  0%| F|  |TAMS 0x00000006c9400000, 0x00000006c9400000| Untracked 
|  26|0x00000006c9800000, 0x00000006c9800000, 0x00000006c9c00000|  0%| F|  |TAMS 0x00000006c9800000, 0x00000006c9800000| Untracked 
|  27|0x00000006c9c00000, 0x00000006c9c00000, 0x00000006ca000000|  0%| F|  |TAMS 0x00000006c9c00000, 0x00000006c9c00000| Untracked 
|  28|0x00000006ca000000, 0x00000006ca000000, 0x00000006ca400000|  0%| F|  |TAMS 0x00000006ca000000, 0x00000006ca000000| Untracked 
|  29|0x00000006ca400000, 0x00000006ca400000, 0x00000006ca800000|  0%| F|  |TAMS 0x00000006ca400000, 0x00000006ca400000| Untracked 
|  30|0x00000006ca800000, 0x00000006ca800000, 0x00000006cac00000|  0%| F|  |TAMS 0x00000006ca800000, 0x00000006ca800000| Untracked 
|  31|0x00000006cac00000, 0x00000006cac00000, 0x00000006cb000000|  0%| F|  |TAMS 0x00000006cac00000, 0x00000006cac00000| Untracked 
|  32|0x00000006cb000000, 0x00000006cb000000, 0x00000006cb400000|  0%| F|  |TAMS 0x00000006cb000000, 0x00000006cb000000| Untracked 
|  33|0x00000006cb400000, 0x00000006cb400000, 0x00000006cb800000|  0%| F|  |TAMS 0x00000006cb400000, 0x00000006cb400000| Untracked 
|  34|0x00000006cb800000, 0x00000006cb800000, 0x00000006cbc00000|  0%| F|  |TAMS 0x00000006cb800000, 0x00000006cb800000| Untracked 
|  35|0x00000006cbc00000, 0x00000006cbc00000, 0x00000006cc000000|  0%| F|  |TAMS 0x00000006cbc00000, 0x00000006cbc00000| Untracked 
|  36|0x00000006cc000000, 0x00000006cc000000, 0x00000006cc400000|  0%| F|  |TAMS 0x00000006cc000000, 0x00000006cc000000| Untracked 
|  37|0x00000006cc400000, 0x00000006cc400000, 0x00000006cc800000|  0%| F|  |TAMS 0x00000006cc400000, 0x00000006cc400000| Untracked 
|  38|0x00000006cc800000, 0x00000006cc800000, 0x00000006ccc00000|  0%| F|  |TAMS 0x00000006cc800000, 0x00000006cc800000| Untracked 
|  39|0x00000006ccc00000, 0x00000006ccc00000, 0x00000006cd000000|  0%| F|  |TAMS 0x00000006ccc00000, 0x00000006ccc00000| Untracked 
|  40|0x00000006cd000000, 0x00000006cd000000, 0x00000006cd400000|  0%| F|  |TAMS 0x00000006cd000000, 0x00000006cd000000| Untracked 
|  41|0x00000006cd400000, 0x00000006cd400000, 0x00000006cd800000|  0%| F|  |TAMS 0x00000006cd400000, 0x00000006cd400000| Untracked 
|  42|0x00000006cd800000, 0x00000006cd800000, 0x00000006cdc00000|  0%| F|  |TAMS 0x00000006cd800000, 0x00000006cd800000| Untracked 
|  43|0x00000006cdc00000, 0x00000006cdc00000, 0x00000006ce000000|  0%| F|  |TAMS 0x00000006cdc00000, 0x00000006cdc00000| Untracked 
|  44|0x00000006ce000000, 0x00000006ce000000, 0x00000006ce400000|  0%| F|  |TAMS 0x00000006ce000000, 0x00000006ce000000| Untracked 
|  45|0x00000006ce400000, 0x00000006ce400000, 0x00000006ce800000|  0%| F|  |TAMS 0x00000006ce400000, 0x00000006ce400000| Untracked 
|  46|0x00000006ce800000, 0x00000006ce800000, 0x00000006cec00000|  0%| F|  |TAMS 0x00000006ce800000, 0x00000006ce800000| Untracked 
|  47|0x00000006cec00000, 0x00000006cec00000, 0x00000006cf000000|  0%| F|  |TAMS 0x00000006cec00000, 0x00000006cec00000| Untracked 
|  48|0x00000006cf000000, 0x00000006cf000000, 0x00000006cf400000|  0%| F|  |TAMS 0x00000006cf000000, 0x00000006cf000000| Untracked 
|  49|0x00000006cf400000, 0x00000006cf400000, 0x00000006cf800000|  0%| F|  |TAMS 0x00000006cf400000, 0x00000006cf400000| Untracked 
|  50|0x00000006cf800000, 0x00000006cf800000, 0x00000006cfc00000|  0%| F|  |TAMS 0x00000006cf800000, 0x00000006cf800000| Untracked 
|  51|0x00000006cfc00000, 0x00000006cfc00000, 0x00000006d0000000|  0%| F|  |TAMS 0x00000006cfc00000, 0x00000006cfc00000| Untracked 
|  52|0x00000006d0000000, 0x00000006d0000000, 0x00000006d0400000|  0%| F|  |TAMS 0x00000006d0000000, 0x00000006d0000000| Untracked 
|  53|0x00000006d0400000, 0x00000006d0400000, 0x00000006d0800000|  0%| F|  |TAMS 0x00000006d0400000, 0x00000006d0400000| Untracked 
|  54|0x00000006d0800000, 0x00000006d0800000, 0x00000006d0c00000|  0%| F|  |TAMS 0x00000006d0800000, 0x00000006d0800000| Untracked 
|  55|0x00000006d0c00000, 0x00000006d0c00000, 0x00000006d1000000|  0%| F|  |TAMS 0x00000006d0c00000, 0x00000006d0c00000| Untracked 
|  56|0x00000006d1000000, 0x00000006d1000000, 0x00000006d1400000|  0%| F|  |TAMS 0x00000006d1000000, 0x00000006d1000000| Untracked 
|  57|0x00000006d1400000, 0x00000006d1400000, 0x00000006d1800000|  0%| F|  |TAMS 0x00000006d1400000, 0x00000006d1400000| Untracked 
|  58|0x00000006d1800000, 0x00000006d1800000, 0x00000006d1c00000|  0%| F|  |TAMS 0x00000006d1800000, 0x00000006d1800000| Untracked 
|  59|0x00000006d1c00000, 0x00000006d1c00000, 0x00000006d2000000|  0%| F|  |TAMS 0x00000006d1c00000, 0x00000006d1c00000| Untracked 
|  60|0x00000006d2000000, 0x00000006d2000000, 0x00000006d2400000|  0%| F|  |TAMS 0x00000006d2000000, 0x00000006d2000000| Untracked 
|  61|0x00000006d2400000, 0x00000006d2400000, 0x00000006d2800000|  0%| F|  |TAMS 0x00000006d2400000, 0x00000006d2400000| Untracked 
|  62|0x00000006d2800000, 0x00000006d2800000, 0x00000006d2c00000|  0%| F|  |TAMS 0x00000006d2800000, 0x00000006d2800000| Untracked 
|  63|0x00000006d2c00000, 0x00000006d2c00000, 0x00000006d3000000|  0%| F|  |TAMS 0x00000006d2c00000, 0x00000006d2c00000| Untracked 
|  64|0x00000006d3000000, 0x00000006d3000000, 0x00000006d3400000|  0%| F|  |TAMS 0x00000006d3000000, 0x00000006d3000000| Untracked 
|  65|0x00000006d3400000, 0x00000006d3400000, 0x00000006d3800000|  0%| F|  |TAMS 0x00000006d3400000, 0x00000006d3400000| Untracked 
|  66|0x00000006d3800000, 0x00000006d3800000, 0x00000006d3c00000|  0%| F|  |TAMS 0x00000006d3800000, 0x00000006d3800000| Untracked 
|  67|0x00000006d3c00000, 0x00000006d3c00000, 0x00000006d4000000|  0%| F|  |TAMS 0x00000006d3c00000, 0x00000006d3c00000| Untracked 
|  68|0x00000006d4000000, 0x00000006d4000000, 0x00000006d4400000|  0%| F|  |TAMS 0x00000006d4000000, 0x00000006d4000000| Untracked 
|  69|0x00000006d4400000, 0x00000006d4400000, 0x00000006d4800000|  0%| F|  |TAMS 0x00000006d4400000, 0x00000006d4400000| Untracked 
|  70|0x00000006d4800000, 0x00000006d4800000, 0x00000006d4c00000|  0%| F|  |TAMS 0x00000006d4800000, 0x00000006d4800000| Untracked 
|  71|0x00000006d4c00000, 0x00000006d4c00000, 0x00000006d5000000|  0%| F|  |TAMS 0x00000006d4c00000, 0x00000006d4c00000| Untracked 
|  72|0x00000006d5000000, 0x00000006d5000000, 0x00000006d5400000|  0%| F|  |TAMS 0x00000006d5000000, 0x00000006d5000000| Untracked 
|  73|0x00000006d5400000, 0x00000006d5400000, 0x00000006d5800000|  0%| F|  |TAMS 0x00000006d5400000, 0x00000006d5400000| Untracked 
|  74|0x00000006d5800000, 0x00000006d5c00000, 0x00000006d5c00000|100%| S|CS|TAMS 0x00000006d5800000, 0x00000006d5800000| Complete 
|  75|0x00000006d5c00000, 0x00000006d5c00000, 0x00000006d6000000|  0%| F|  |TAMS 0x00000006d5c00000, 0x00000006d5c00000| Untracked 
|  76|0x00000006d6000000, 0x00000006d6000000, 0x00000006d6400000|  0%| F|  |TAMS 0x00000006d6000000, 0x00000006d6000000| Untracked 
|  77|0x00000006d6400000, 0x00000006d6400000, 0x00000006d6800000|  0%| F|  |TAMS 0x00000006d6400000, 0x00000006d6400000| Untracked 
|  78|0x00000006d6800000, 0x00000006d69a7b30, 0x00000006d6c00000| 41%| E|  |TAMS 0x00000006d6800000, 0x00000006d6800000| Complete 
|  79|0x00000006d6c00000, 0x00000006d7000000, 0x00000006d7000000|100%| E|CS|TAMS 0x00000006d6c00000, 0x00000006d6c00000| Complete 

Card table byte_map: [0x0000021bc8290000,0x0000021bc8c80000] _byte_map_base: 0x0000021bc4c78000

Marking Bits (Prev, Next): (CMBitMap*) 0x0000021bb0d7f5c0, (CMBitMap*) 0x0000021bb0d7f600
 Prev Bits: [0x0000021bc9670000, 0x0000021bce5b0000)
 Next Bits: [0x0000021bce5b0000, 0x0000021bd34f0000)

Polling page: 0x0000021baec50000

Metaspace:

Usage:
  Non-class:      4.03 MB used.
      Class:    521.34 KB used.
       Both:      4.54 MB used.

Virtual space:
  Non-class space:        8.00 MB reserved,       4.12 MB ( 52%) committed,  1 nodes.
      Class space:        1.00 GB reserved,     576.00 KB ( <1%) committed,  1 nodes.
             Both:        1.01 GB reserved,       4.69 MB ( <1%) committed. 

Chunk freelists:
   Non-Class:  2.28 MB
       Class:  3.47 MB
        Both:  5.75 MB

MaxMetaspaceSize: unlimited
CompressedClassSpaceSize: 1.00 GB
Initial GC threshold: 21.00 MB
Current GC threshold: 21.00 MB
CDS: on
MetaspaceReclaimPolicy: balanced
 - commit_granule_bytes: 65536.
 - commit_granule_words: 8192.
 - virtual_space_node_default_size: 1048576.
 - enlarge_chunks_in_place: 1.
 - new_chunks_are_fully_committed: 0.
 - uncommit_free_chunks: 1.
 - use_allocation_guard: 0.
 - handle_deallocations: 1.


Internal statistics:

num_allocs_failed_limit: 0.
num_arena_births: 66.
num_arena_deaths: 0.
num_vsnodes_births: 2.
num_vsnodes_deaths: 0.
num_space_committed: 75.
num_space_uncommitted: 0.
num_chunks_returned_to_freelist: 0.
num_chunks_taken_from_freelist: 174.
num_chunk_merges: 0.
num_chunk_splits: 104.
num_chunks_enlarged: 79.
num_purges: 0.
num_inconsistent_stats: 0.

CodeHeap 'non-profiled nmethods': size=120000Kb used=370Kb max_used=370Kb free=119629Kb
 bounds [0x0000021bc0040000, 0x0000021bc02b0000, 0x0000021bc7570000]
CodeHeap 'profiled nmethods': size=120000Kb used=1746Kb max_used=1746Kb free=118253Kb
 bounds [0x0000021bb8b10000, 0x0000021bb8d80000, 0x0000021bc0040000]
CodeHeap 'non-nmethods': size=5760Kb used=1152Kb max_used=1174Kb free=4607Kb
 bounds [0x0000021bb8570000, 0x0000021bb87e0000, 0x0000021bb8b10000]
 total_blobs=1382 nmethods=954 adapters=341
 compilation: enabled
              stopped_count=0, restarted_count=0
 full_count=0

Compilation events (20 events):
Event: 0.902 Thread 0x0000021bd5f29980  926       3       java.lang.CharacterDataLatin1::getType (11 bytes)
Event: 0.902 Thread 0x0000021bd5f29980 nmethod 926 0x0000021bb8cad190 code [0x0000021bb8cad320, 0x0000021bb8cad4b8]
Event: 0.902 Thread 0x0000021bd5f29980  927       3       java.net.URI$Parser::at (23 bytes)
Event: 0.903 Thread 0x0000021bd5f29980 nmethod 927 0x0000021bb8cad610 code [0x0000021bb8cad800, 0x0000021bb8cade38]
Event: 0.903 Thread 0x0000021bd5f29980  928       3       java.lang.Character::isLetterOrDigit (5 bytes)
Event: 0.904 Thread 0x0000021bd5f29980 nmethod 928 0x0000021bb8cae110 code [0x0000021bb8cae2e0, 0x0000021bb8cae5f8]
Event: 0.904 Thread 0x0000021bd5f29980  929       3       java.lang.Character::isLetterOrDigit (19 bytes)
Event: 0.904 Thread 0x0000021bd5f29980 nmethod 929 0x0000021bb8cae710 code [0x0000021bb8cae8c0, 0x0000021bb8caeb78]
Event: 0.904 Thread 0x0000021bd5f29980  930       1       java.net.URI::getScheme (5 bytes)
Event: 0.904 Thread 0x0000021bd5f29980 nmethod 930 0x0000021bc009c590 code [0x0000021bc009c720, 0x0000021bc009c7f8]
Event: 0.905 Thread 0x0000021bd5f29980  931       3       java.net.URI$Parser::checkChars (44 bytes)
Event: 0.906 Thread 0x0000021bd5f29980 nmethod 931 0x0000021bb8caec90 code [0x0000021bb8caeec0, 0x0000021bb8caf508]
Event: 0.906 Thread 0x0000021bd6ba31c0  932       4       java.lang.String::startsWith (7 bytes)
Event: 0.906 Thread 0x0000021bd5f29980  933       3       java.net.URL::toLowerCase (38 bytes)
Event: 0.906 Thread 0x0000021bd5f29980 nmethod 933 0x0000021bb8caf790 code [0x0000021bb8caf9a0, 0x0000021bb8cafe68]
Event: 0.906 Thread 0x0000021bd5f29980  934   !   3       java.net.URL::getURLStreamHandler (191 bytes)
Event: 0.907 Thread 0x0000021bd5f29980 nmethod 934 0x0000021bb8cb0010 code [0x0000021bb8cb02c0, 0x0000021bb8cb10d8]
Event: 0.907 Thread 0x0000021bd5f29980  935       3       java.net.URI::quote (214 bytes)
Event: 0.909 Thread 0x0000021bd5f29980 nmethod 935 0x0000021bb8cb1590 code [0x0000021bb8cb1960, 0x0000021bb8cb3278]
Event: 0.909 Thread 0x0000021bd5f29980  936       3       java.net.URI$Parser::scan (41 bytes)

GC Heap History (0 events):
No events

Deoptimization events (20 events):
Event: 0.464 Thread 0x0000021bb0d06500 DEOPT PACKING pc=0x0000021bb8bb2368 sp=0x00000072d3efd1d0
Event: 0.464 Thread 0x0000021bb0d06500 DEOPT UNPACKING pc=0x0000021bb85c66e3 sp=0x00000072d3efc660 mode 0
Event: 0.465 Thread 0x0000021bb0d06500 DEOPT PACKING pc=0x0000021bb8bb2368 sp=0x00000072d3ef9a50
Event: 0.465 Thread 0x0000021bb0d06500 DEOPT UNPACKING pc=0x0000021bb85c66e3 sp=0x00000072d3ef8ee0 mode 0
Event: 0.547 Thread 0x0000021bb0d06500 Uncommon trap: trap_request=0xffffff45 fr.pc=0x0000021bc0072d88 relative=0x0000000000000268
Event: 0.547 Thread 0x0000021bb0d06500 Uncommon trap: reason=unstable_if action=reinterpret pc=0x0000021bc0072d88 method=java.io.BufferedReader.read()I @ 19 c2
Event: 0.547 Thread 0x0000021bb0d06500 DEOPT PACKING pc=0x0000021bc0072d88 sp=0x00000072d3efcdf0
Event: 0.547 Thread 0x0000021bb0d06500 DEOPT UNPACKING pc=0x0000021bb85c5ba3 sp=0x00000072d3efcd30 mode 2
Event: 0.548 Thread 0x0000021bb0d06500 Uncommon trap: trap_request=0xffffff45 fr.pc=0x0000021bc0073418 relative=0x0000000000000278
Event: 0.548 Thread 0x0000021bb0d06500 Uncommon trap: reason=unstable_if action=reinterpret pc=0x0000021bc0073418 method=java.io.BufferedReader.read()I @ 19 c2
Event: 0.548 Thread 0x0000021bb0d06500 DEOPT PACKING pc=0x0000021bc0073418 sp=0x00000072d3efcc20
Event: 0.548 Thread 0x0000021bb0d06500 DEOPT UNPACKING pc=0x0000021bb85c5ba3 sp=0x00000072d3efcbd8 mode 2
Event: 0.652 Thread 0x0000021bb0d06500 DEOPT PACKING pc=0x0000021bb8bb2368 sp=0x00000072d3efe040
Event: 0.652 Thread 0x0000021bb0d06500 DEOPT UNPACKING pc=0x0000021bb85c66e3 sp=0x00000072d3efd4d0 mode 0
Event: 0.652 Thread 0x0000021bb0d06500 DEOPT PACKING pc=0x0000021bb8bb2368 sp=0x00000072d3efe040
Event: 0.652 Thread 0x0000021bb0d06500 DEOPT UNPACKING pc=0x0000021bb85c66e3 sp=0x00000072d3efd4d0 mode 0
Event: 0.652 Thread 0x0000021bb0d06500 DEOPT PACKING pc=0x0000021bb8bb2368 sp=0x00000072d3efe100
Event: 0.652 Thread 0x0000021bb0d06500 DEOPT UNPACKING pc=0x0000021bb85c66e3 sp=0x00000072d3efd590 mode 0
Event: 0.740 Thread 0x0000021bb0d06500 DEOPT PACKING pc=0x0000021bb8b1d0be sp=0x00000072d3efa3b0
Event: 0.740 Thread 0x0000021bb0d06500 DEOPT UNPACKING pc=0x0000021bb85c66e3 sp=0x00000072d3ef9828 mode 0

Classes unloaded (0 events):
No events

Classes redefined (0 events):
No events

Internal exceptions (11 events):
Event: 0.377 Thread 0x0000021bd6c72b10 Exception <a 'java/lang/NoSuchMethodError'{0x00000006d65f7a88}: 'java.lang.Object java.lang.invoke.DirectMethodHandle$Holder.invokeStaticInit(java.lang.Object)'> (0x00000006d65f7a88) 
thrown [s\open\src\hotspot\share\interpreter\linkResolver.cpp, line 759]
Event: 0.391 Thread 0x0000021bd6c72b10 Exception <a 'java/lang/NoSuchMethodError'{0x00000006d6605798}: 'void java.lang.invoke.DirectMethodHandle$Holder.invokeStatic(java.lang.Object, java.lang.Object)'> (0x00000006d6605798) 
thrown [s\open\src\hotspot\share\interpreter\linkResolver.cpp, line 759]
Event: 0.544 Thread 0x0000021bb0d06500 Exception <a 'java/lang/ClassNotFoundException'{0x00000006d601dee0}: javax/smartcardio/CardPermission> (0x00000006d601dee0) 
thrown [s\open\src\hotspot\share\classfile\systemDictionary.cpp, line 256]
Event: 0.549 Thread 0x0000021bb0d06500 Exception <a 'java/io/FileNotFoundException'{0x00000006d602c450}> (0x00000006d602c450) 
thrown [s\open\src\hotspot\share\prims\jni.cpp, line 516]
Event: 0.662 Thread 0x0000021bb0d06500 Exception <a 'java/lang/NoSuchMethodError'{0x00000006d624bf08}: 'void java.lang.invoke.DirectMethodHandle$Holder.invokeStatic(java.lang.Object, java.lang.Object, java.lang.Object, java.lang.Object)'> (0x00000006d624bf08) 
thrown [s\open\src\hotspot\share\interpreter\linkResolver.cpp, line 759]
Event: 0.726 Thread 0x0000021bb0d06500 Exception <a 'java/lang/NoSuchMethodError'{0x00000006d635dc08}: 'int java.lang.invoke.DirectMethodHandle$Holder.invokeStaticInit(java.lang.Object, java.lang.Object)'> (0x00000006d635dc08) 
thrown [s\open\src\hotspot\share\interpreter\linkResolver.cpp, line 759]
Event: 0.834 Thread 0x0000021bb0d06500 Exception <a 'java/lang/NoSuchMethodError'{0x00000006d5dcc900}: 'java.lang.Object java.lang.invoke.DirectMethodHandle$Holder.invokeInterface(java.lang.Object, java.lang.Object)'> (0x00000006d5dcc900) 
thrown [s\open\src\hotspot\share\interpreter\linkResolver.cpp, line 759]
Event: 0.843 Thread 0x0000021bb0d06500 Exception <a 'java/lang/NoSuchMethodError'{0x00000006d5dfe3c8}: 'void java.lang.invoke.DirectMethodHandle$Holder.invokeStatic(java.lang.Object, java.lang.Object, java.lang.Object)'> (0x00000006d5dfe3c8) 
thrown [s\open\src\hotspot\share\interpreter\linkResolver.cpp, line 759]
Event: 0.853 Thread 0x0000021bb0d06500 Exception <a 'java/lang/NoSuchMethodError'{0x00000006d5e55648}: 'java.lang.Object java.lang.invoke.DirectMethodHandle$Holder.invokeSpecialIFC(java.lang.Object, java.lang.Object, java.lang.Object, java.lang.Object)'> (0x00000006d5e55648) 
thrown [s\open\src\hotspot\share\interpreter\linkResolver.cpp, line 759]
Event: 0.858 Thread 0x0000021bb0d06500 Exception <a 'java/lang/NoSuchMethodError'{0x00000006d5e749d0}: 'java.lang.Object java.lang.invoke.DirectMethodHandle$Holder.invokeInterface(java.lang.Object, java.lang.Object, java.lang.Object)'> (0x00000006d5e749d0) 
thrown [s\open\src\hotspot\share\interpreter\linkResolver.cpp, line 759]
Event: 0.894 Thread 0x0000021bb0d06500 Exception <a 'java/lang/NoSuchMethodError'{0x00000006d5f80b20}: 'int java.lang.invoke.DirectMethodHandle$Holder.invokeSpecial(java.lang.Object, java.lang.Object, java.lang.Object)'> (0x00000006d5f80b20) 
thrown [s\open\src\hotspot\share\interpreter\linkResolver.cpp, line 759]

VM Operations (14 events):
Event: 0.156 Executing VM operation: HandshakeAllThreads
Event: 0.157 Executing VM operation: HandshakeAllThreads done
Event: 0.374 Executing VM operation: HandshakeAllThreads
Event: 0.374 Executing VM operation: HandshakeAllThreads done
Event: 0.446 Executing VM operation: HandshakeAllThreads
Event: 0.446 Executing VM operation: HandshakeAllThreads done
Event: 0.461 Executing VM operation: HandshakeAllThreads
Event: 0.461 Executing VM operation: HandshakeAllThreads done
Event: 0.517 Executing VM operation: HandshakeAllThreads
Event: 0.517 Executing VM operation: HandshakeAllThreads done
Event: 0.519 Executing VM operation: HandshakeAllThreads
Event: 0.519 Executing VM operation: HandshakeAllThreads done
Event: 0.604 Executing VM operation: HandshakeAllThreads
Event: 0.604 Executing VM operation: HandshakeAllThreads done

Events (20 events):
Event: 0.892 loading class sun/management/ManagementFactoryHelper$LoggingMXBeanAccess$1
Event: 0.892 loading class sun/management/ManagementFactoryHelper$LoggingMXBeanAccess$1 done
Event: 0.892 loading class java/lang/management/DefaultPlatformMBeanProvider$9
Event: 0.892 loading class java/lang/management/DefaultPlatformMBeanProvider$9 done
Event: 0.892 loading class java/lang/management/DefaultPlatformMBeanProvider$10
Event: 0.892 loading class java/lang/management/DefaultPlatformMBeanProvider$10 done
Event: 0.892 loading class java/lang/management/DefaultPlatformMBeanProvider$11
Event: 0.892 loading class java/lang/management/DefaultPlatformMBeanProvider$11 done
Event: 0.892 loading class jdk/management/jfr/FlightRecorderMXBean
Event: 0.892 loading class jdk/management/jfr/FlightRecorderMXBean done
Event: 0.892 loading class jdk/management/jfr/internal/FlightRecorderMXBeanProvider$SingleMBeanComponent
Event: 0.893 loading class jdk/management/jfr/internal/FlightRecorderMXBeanProvider$SingleMBeanComponent done
Event: 0.893 loading class java/util/stream/ReduceOps$2
Event: 0.894 loading class java/util/stream/ReduceOps$2 done
Event: 0.894 loading class java/util/stream/ReduceOps$2ReducingSink
Event: 0.894 loading class java/util/stream/ReduceOps$2ReducingSink done
Event: 0.894 loading class sun/management/RuntimeImpl
Event: 0.894 loading class sun/management/RuntimeImpl done
Event: 0.894 loading class java/util/Collections$2
Event: 0.894 loading class java/util/Collections$2 done


Dynamic libraries:
0x00007ff7b65d0000 - 0x00007ff7b65e0000 	C:\Program Files\Java\jdk-17.0.5\bin\java.exe
0x00007ffef5250000 - 0x00007ffef5448000 	C:\Windows\SYSTEM32\ntdll.dll
0x00007ffef4280000 - 0x00007ffef433f000 	C:\Windows\System32\KERNEL32.DLL
0x00007ffef2d90000 - 0x00007ffef3062000 	C:\Windows\System32\KERNELBASE.dll
0x00007ffef2b30000 - 0x00007ffef2c30000 	C:\Windows\System32\ucrtbase.dll
0x00007ffee9a50000 - 0x00007ffee9a68000 	C:\Program Files\Java\jdk-17.0.5\bin\jli.dll
0x00007ffee9a70000 - 0x00007ffee9a8a000 	C:\Program Files\Java\jdk-17.0.5\bin\VCRUNTIME140.dll
0x00007ffef4490000 - 0x00007ffef453e000 	C:\Windows\System32\ADVAPI32.dll
0x00007ffef3430000 - 0x00007ffef34ce000 	C:\Windows\System32\msvcrt.dll
0x00007ffef3550000 - 0x00007ffef35ec000 	C:\Windows\System32\sechost.dll
0x00007ffef4900000 - 0x00007ffef4a25000 	C:\Windows\System32\RPCRT4.dll
0x00007ffef40d0000 - 0x00007ffef4271000 	C:\Windows\System32\USER32.dll
0x00007ffee1580000 - 0x00007ffee181a000 	C:\Windows\WinSxS\amd64_microsoft.windows.common-controls_6595b64144ccf1df_6.0.19041.1110_none_60b5254171f9507e\COMCTL32.dll
0x00007ffef2a50000 - 0x00007ffef2a72000 	C:\Windows\System32\win32u.dll
0x00007ffef51e0000 - 0x00007ffef520b000 	C:\Windows\System32\GDI32.dll
0x00007ffef30a0000 - 0x00007ffef31af000 	C:\Windows\System32\gdi32full.dll
0x00007ffef29b0000 - 0x00007ffef2a4d000 	C:\Windows\System32\msvcp_win.dll
0x00007ffeed710000 - 0x00007ffeed71a000 	C:\Windows\SYSTEM32\VERSION.dll
0x00007ffef4090000 - 0x00007ffef40c2000 	C:\Windows\System32\IMM32.DLL
0x00007ffeed570000 - 0x00007ffeed57c000 	C:\Program Files\Java\jdk-17.0.5\bin\vcruntime140_1.dll
0x00007ffed0310000 - 0x00007ffed039d000 	C:\Program Files\Java\jdk-17.0.5\bin\msvcp140.dll
0x00007ffe8ad90000 - 0x00007ffe8b952000 	C:\Program Files\Java\jdk-17.0.5\bin\server\jvm.dll
0x00007ffef34d0000 - 0x00007ffef34d8000 	C:\Windows\System32\PSAPI.DLL
0x00007ffee76b0000 - 0x00007ffee76d7000 	C:\Windows\SYSTEM32\WINMM.dll
0x00007ffee2260000 - 0x00007ffee2269000 	C:\Windows\SYSTEM32\WSOCK32.dll
0x00007ffef3f70000 - 0x00007ffef3fdb000 	C:\Windows\System32\WS2_32.dll
0x00007ffef1150000 - 0x00007ffef1162000 	C:\Windows\SYSTEM32\kernel.appcore.dll
0x00007ffeeb310000 - 0x00007ffeeb31a000 	C:\Program Files\Java\jdk-17.0.5\bin\jimage.dll
0x00007ffef06a0000 - 0x00007ffef0884000 	C:\Windows\SYSTEM32\DBGHELP.DLL
0x00007ffeea680000 - 0x00007ffeea6b5000 	C:\Windows\SYSTEM32\dbgcore.DLL
0x00007ffef31b0000 - 0x00007ffef3232000 	C:\Windows\System32\bcryptPrimitives.dll
0x00007ffee9b30000 - 0x00007ffee9b3e000 	C:\Program Files\Java\jdk-17.0.5\bin\instrument.dll
0x00007ffee97a0000 - 0x00007ffee97c5000 	C:\Program Files\Java\jdk-17.0.5\bin\java.dll
0x00007ffeb6960000 - 0x00007ffeb6a36000 	C:\Program Files\Java\jdk-17.0.5\bin\jsvml.dll
0x00007ffef3820000 - 0x00007ffef3f65000 	C:\Windows\System32\SHELL32.dll
0x00007ffef09a0000 - 0x00007ffef1132000 	C:\Windows\SYSTEM32\windows.storage.dll
0x00007ffef4540000 - 0x00007ffef4895000 	C:\Windows\System32\combase.dll
0x00007ffef21e0000 - 0x00007ffef2210000 	C:\Windows\SYSTEM32\Wldp.dll
0x00007ffef3fe0000 - 0x00007ffef408d000 	C:\Windows\System32\SHCORE.dll
0x00007ffef37c0000 - 0x00007ffef3815000 	C:\Windows\System32\shlwapi.dll
0x00007ffef2880000 - 0x00007ffef289f000 	C:\Windows\SYSTEM32\profapi.dll
0x00007ffee4200000 - 0x00007ffee4218000 	C:\Program Files\Java\jdk-17.0.5\bin\zip.dll
0x00007ffee8c20000 - 0x00007ffee8c39000 	C:\Program Files\Java\jdk-17.0.5\bin\net.dll
0x00007ffeeb4e0000 - 0x00007ffeeb5ec000 	C:\Windows\SYSTEM32\WINHTTP.dll
0x00007ffef1fc0000 - 0x00007ffef202a000 	C:\Windows\system32\mswsock.dll
0x00007ffee7a00000 - 0x00007ffee7a16000 	C:\Program Files\Java\jdk-17.0.5\bin\nio.dll
0x00007ffeed810000 - 0x00007ffeed82a000 	C:\Program Files\JetBrains\IntelliJ IDEA Community Edition 2022.3.2\bin\breakgen64.dll
0x00007ffee9a40000 - 0x00007ffee9a49000 	C:\Program Files\Java\jdk-17.0.5\bin\management.dll
0x00007ffee9a10000 - 0x00007ffee9a1b000 	C:\Program Files\Java\jdk-17.0.5\bin\management_ext.dll

dbghelp: loaded successfully - version: 4.0.5 - missing functions: none
symbol engine: initialized successfully - sym options: 0x614 - pdb path: .;C:\Program Files\Java\jdk-17.0.5\bin;C:\Windows\SYSTEM32;C:\Windows\WinSxS\amd64_microsoft.windows.common-controls_6595b64144ccf1df_6.0.19041.1110_none_60b5254171f9507e;C:\Program Files\Java\jdk-17.0.5\bin\server;C:\Program Files\JetBrains\IntelliJ IDEA Community Edition 2022.3.2\bin

VM Arguments:
jvm_args: -javaagent:C:\Program Files\JetBrains\IntelliJ IDEA Community Edition 2022.3.2\lib\idea_rt.jar=62873:C:\Program Files\JetBrains\IntelliJ IDEA Community Edition 2022.3.2\bin -Dfile.encoding=UTF-8 
java_command: com.example.eureka.EurekaApplication
java_class_path (initial): C:\Users\Lenovo\Desktop\parent\parent\eureka\target\classes;C:\Users\Lenovo\.m2\repository\org\springframework\boot\spring-boot-starter-actuator\3.0.1\spring-boot-starter-actuator-3.0.1.jar;C:\Users\Lenovo\.m2\repository\org\springframework\boot\spring-boot-starter\3.0.1\spring-boot-starter-3.0.1.jar;C:\Users\Lenovo\.m2\repository\org\springframework\boot\spring-boot-starter-logging\3.0.1\spring-boot-starter-logging-3.0.1.jar;C:\Users\Lenovo\.m2\repository\ch\qos\logback\logback-classic\1.4.5\logback-classic-1.4.5.jar;C:\Users\Lenovo\.m2\repository\ch\qos\logback\logback-core\1.4.5\logback-core-1.4.5.jar;C:\Users\Lenovo\.m2\repository\org\apache\logging\log4j\log4j-to-slf4j\2.19.0\log4j-to-slf4j-2.19.0.jar;C:\Users\Lenovo\.m2\repository\org\apache\logging\log4j\log4j-api\2.19.0\log4j-api-2.19.0.jar;C:\Users\Lenovo\.m2\repository\org\slf4j\jul-to-slf4j\2.0.6\jul-to-slf4j-2.0.6.jar;C:\Users\Lenovo\.m2\repository\jakarta\annotation\jakarta.annotation-api\2.1.1\jakarta.annotation-api-2.1.1.jar;C:\Users\Lenovo\.m2\repository\org\yaml\snakeyaml\1.33\snakeyaml-1.33.jar;C:\Users\Lenovo\.m2\repository\org\springframework\boot\spring-boot-actuator-autoconfigure\3.0.1\spring-boot-actuator-autoconfigure-3.0.1.jar;C:\Users\Lenovo\.m2\repository\org\springframework\boot\spring-boot-actuator\3.0.1\spring-boot-actuator-3.0.1.jar;C:\Users\Lenovo\.m2\repository\com\fasterxml\jackson\core\jackson-databind\2.14.1\jackson-databind-2.14.1.jar;C:\Users\Lenovo\.m2\repository\com\fasterxml\jackson\core\jackson-annotations\2.14.1\jackson-annotations-2.14.1.jar;C:\Users\Lenovo\.m2\repository\com\fasterxml\jackson\core\jackson-core\2.14.1\jackson-core-2.14.1.jar;C:\Users\Lenovo\.m2\repository\com\fasterxml\jackson\datatype\jackson-datatype-jsr310\2.14.1\jackson-datatype-jsr310-2.14.1.jar;C:\Users\Lenovo\.m2\repository\io\micrometer\micrometer-observation\1.10.2\micrometer-observation-1.10.2.jar;C:\Users\Lenovo\.m2\repository\io\micrometer\micrometer-commons\1.10.2\
Launcher Type: SUN_STANDARD

[Global flags]
     intx CICompilerCount                          = 4                                         {product} {ergonomic}
     uint ConcGCThreads                            = 2                                         {product} {ergonomic}
     uint G1ConcRefinementThreads                  = 8                                         {product} {ergonomic}
   size_t G1HeapRegionSize                         = 4194304                                   {product} {ergonomic}
    uintx GCDrainStackTargetSize                   = 64                                        {product} {ergonomic}
   size_t InitialHeapSize                          = 335544320                                 {product} {ergonomic}
   size_t MarkStackSize                            = 4194304                                   {product} {ergonomic}
   size_t MaxHeapSize                              = 5318377472                                {product} {ergonomic}
   size_t MaxNewSize                               = 3187671040                                {product} {ergonomic}
   size_t MinHeapDeltaBytes                        = 4194304                                   {product} {ergonomic}
   size_t MinHeapSize                              = 8388608                                   {product} {ergonomic}
    uintx NonNMethodCodeHeapSize                   = 5839372                                {pd product} {ergonomic}
    uintx NonProfiledCodeHeapSize                  = 122909434                              {pd product} {ergonomic}
    uintx ProfiledCodeHeapSize                     = 122909434                              {pd product} {ergonomic}
    uintx ReservedCodeCacheSize                    = 251658240                              {pd product} {ergonomic}
     bool SegmentedCodeCache                       = true                                      {product} {ergonomic}
   size_t SoftMaxHeapSize                          = 5318377472                             {manageable} {ergonomic}
     bool UseCompressedClassPointers               = true                           {product lp64_product} {ergonomic}
     bool UseCompressedOops                        = true                           {product lp64_product} {ergonomic}
     bool UseG1GC                                  = true                                      {product} {ergonomic}
     bool UseLargePagesIndividualAllocation        = false                                  {pd product} {ergonomic}

Logging:
Log output configuration:
 #0: stdout all=warning uptime,level,tags
 #1: stderr all=off uptime,level,tags

Environment Variables:
JAVA_HOME=C:\Program Files\Java\jdk-17.0.5
PATH=C:\Program Files\Common Files\Oracle\Java\javapath;C:\Program Files (x86)\Common Files\Oracle\Java\javapath;C:\Windows\system32;C:\Windows;C:\Windows\System32\Wbem;C:\Windows\System32\WindowsPowerShell\v1.0\;C:\Windows\System32\OpenSSH\;C:\Program Files\Java\jdk-11.0.16\bin;C:\ProgramData\chocolatey\bin;C:\Program Files\nodejs\;C:\Program Files\Java\jdk-17.0.5\bin;C:\elasticsearch-8.6.0\bin;C:\logstash-8.6.0\bin;C:\Program Files\Docker\Docker\resources\bin;C:\apache-maven-3.8.7\bin;C:\Program Files\Java\jdk-17.0.5\bin;C:\Program Files\Java\jdk1.8.0_361\bin;C:\Program Files\PowerShell\7\;C:\Program Files\Git\cmd;C:\Users\Lenovo\AppData\Local\Microsoft\WindowsApps;C:\Users\Lenovo\AppData\Local\GitHubDesktop\bin;C:\Program Files\JetBrains\IntelliJ IDEA 2022.3.1\bin;;C:\Users\Lenovo\AppData\Roaming\npm;C:\Users\Lenovo\AppData\Local\Programs\Microsoft VS Code\bin;C:\Program Files\Docker Toolbox;C:\Program Files\Docker Toolbox
USERNAME=Lenovo
OS=Windows_NT
PROCESSOR_IDENTIFIER=Intel64 Family 6 Model 126 Stepping 5, GenuineIntel



---------------  S Y S T E M  ---------------

OS:
 Windows 10 , 64 bit Build 19041 (10.0.19041.2546)
OS uptime: 20 days 10:13 hours
Hyper-V role detected

CPU: total 8 (initial active 8) (4 cores per cpu, 2 threads per core) family 6 model 126 stepping 5 microcode 0x78, cx8, cmov, fxsr, ht, mmx, 3dnowpref, sse, sse2, sse3, ssse3, sse4.1, sse4.2, popcnt, lzcnt, tsc, tscinvbit, avx, avx2, aes, erms, clmul, bmi1, bmi2, adx, avx512f, avx512dq, avx512cd, avx512bw, avx512vl, sha, fma, vzeroupper, avx512_vpopcntdq, avx512_vpclmulqdq, avx512_vaes, avx512_vnni, clflush, clflushopt, avx512_vbmi2, avx512_vbmi, hv

Memory: 4k page, system-wide physical 20275M (642M free)
TotalPageFile size 50719M (AvailPageFile size 2M)
current process WorkingSet (physical memory assigned to process): 77M, peak: 77M
current process commit charge ("private bytes"): 426M, peak: 426M

vm_info: Java HotSpot(TM) 64-Bit Server VM (17.0.5+9-LTS-191) for windows-amd64 JRE (17.0.5+9-LTS-191), built on Sep 13 2022 17:31:43 by "mach5one" with MS VC++ 16.8 / 16.9 (VS2019)

END.
