#
# There is insufficient memory for the Java Runtime Environment to continue.
# Native memory allocation (mmap) failed to map 65536 bytes for Failed to commit metaspace.
# Possible reasons:
#   The system is out of physical RAM or swap space
#   The process is running with CompressedOops enabled, and the Java Heap may be blocking the growth of the native heap
# Possible solutions:
#   Reduce memory load on the system
#   Increase physical memory or swap space
#   Check if swap backing store is full
#   Decrease Java heap size (-Xmx/-Xms)
#   Decrease number of Java threads
#   Decrease Java thread stack sizes (-Xss)
#   Set larger code cache with -XX:ReservedCodeCacheSize=
#   JVM is running with Zero Based Compressed Oops mode in which the Java heap is
#     placed in the first 32GB address space. The Java Heap base address is the
#     maximum limit for the native heap growth. Please use -XX:HeapBaseMinAddress
#     to set the Java Heap base and to place the Java Heap above 32GB virtual address.
# This output file may be truncated or incomplete.
#
#  Out of Memory Error (virtualSpaceNode.cpp:110), pid=47912, tid=22148
#
# JRE version: Java(TM) SE Runtime Environment (17.0.5+9) (build 17.0.5+9-LTS-191)
# Java VM: Java HotSpot(TM) 64-Bit Server VM (17.0.5+9-LTS-191, mixed mode, sharing, tiered, compressed oops, compressed class ptrs, g1 gc, windows-amd64)
# No core dump will be written. Minidumps are not enabled by default on client versions of Windows
#

---------------  S U M M A R Y ------------

Command Line: -javaagent:C:\Program Files\JetBrains\IntelliJ IDEA Community Edition 2022.3.2\lib\idea_rt.jar=57043:C:\Program Files\JetBrains\IntelliJ IDEA Community Edition 2022.3.2\bin -Dfile.encoding=UTF-8 com.example.demo.GraphqlApplication

Host: Intel(R) Core(TM) i5-1035G1 CPU @ 1.00GHz, 8 cores, 19G,  Windows 10 , 64 bit Build 19041 (10.0.19041.2546)
Time: Wed Mar  8 11:08:58 2023 Maroc (heure d64 bit Build 19041 (10.0.19041.2546) elapsed time: 0.594947 seconds (0d 0h 0m 0s)

---------------  T H R E A D  ---------------

Current thread (0x0000020c534617a0):  JavaThread "Monitor Ctrl-Break" daemon [_thread_in_vm, id=22148, stack(0x000000fae7300000,0x000000fae7400000)]

Stack: [0x000000fae7300000,0x000000fae7400000]
Native frames: (J=compiled Java code, j=interpreted, Vv=VM code, C=native code)
V  [jvm.dll+0x672eea]
V  [jvm.dll+0x7d2a04]
V  [jvm.dll+0x7d41ae]
V  [jvm.dll+0x7d4813]
V  [jvm.dll+0x242c15]
V  [jvm.dll+0x7ce9ab]
V  [jvm.dll+0x618bb6]
V  [jvm.dll+0x618c1a]
V  [jvm.dll+0x61b42a]
V  [jvm.dll+0x619556]
V  [jvm.dll+0x23730f]
V  [jvm.dll+0x623275]
V  [jvm.dll+0x1e7e7b]
V  [jvm.dll+0x1e83b5]
V  [jvm.dll+0x1e8def]
V  [jvm.dll+0x1de2a1]
V  [jvm.dll+0x5393e0]
V  [jvm.dll+0x1eea87]
V  [jvm.dll+0x74c92b]
V  [jvm.dll+0x74dcd2]
V  [jvm.dll+0x74e008]
V  [jvm.dll+0x23b08e]
V  [jvm.dll+0x23b2df]
V  [jvm.dll+0x557278]
V  [jvm.dll+0x55a127]
V  [jvm.dll+0x37f727]
V  [jvm.dll+0x37ed7f]
C  0x0000020c3480a60c

Java frames: (J=compiled Java code, j=interpreted, Vv=VM code)
j  sun.nio.ch.SocketDispatcher.<clinit>()V+22 java.base@17.0.5
v  ~StubRoutines::call_stub
j  sun.nio.ch.NioSocketImpl.<clinit>()V+16 java.base@17.0.5
v  ~StubRoutines::call_stub
j  java.net.SocketImpl.createPlatformSocketImpl(Z)Ljava/net/SocketImpl;+15 java.base@17.0.5
j  java.net.Socket.setImpl()V+22 java.base@17.0.5
j  java.net.Socket.<init>(Ljava/net/SocketAddress;Ljava/net/SocketAddress;Z)V+46 java.base@17.0.5
j  java.net.Socket.<init>(Ljava/lang/String;I)V+34 java.base@17.0.5
j  com.intellij.rt.execution.application.AppMainV2$1.run()V+10
v  ~StubRoutines::call_stub

---------------  P R O C E S S  ---------------

Threads class SMR info:
_java_thread_list=0x0000020c53043000, length=13, elements={
0x0000020c2cf8c320, 0x0000020c51d8c7c0, 0x0000020c51d8dba0, 0x0000020c51d9c9f0,
0x0000020c51d9eed0, 0x0000020c51da14a0, 0x0000020c51da6aa0, 0x0000020c51db5240,
0x0000020c51db5840, 0x0000020c51dbde30, 0x0000020c51d752b0, 0x0000020c534617a0,
0x0000020c534e7c30
}

Java Threads: ( => current thread )
  0x0000020c2cf8c320 JavaThread "main" [_thread_in_vm, id=38504, stack(0x000000fae6200000,0x000000fae6300000)]
  0x0000020c51d8c7c0 JavaThread "Reference Handler" daemon [_thread_blocked, id=47532, stack(0x000000fae6900000,0x000000fae6a00000)]
  0x0000020c51d8dba0 JavaThread "Finalizer" daemon [_thread_blocked, id=24700, stack(0x000000fae6a00000,0x000000fae6b00000)]
  0x0000020c51d9c9f0 JavaThread "Signal Dispatcher" daemon [_thread_blocked, id=31600, stack(0x000000fae6b00000,0x000000fae6c00000)]
  0x0000020c51d9eed0 JavaThread "Attach Listener" daemon [_thread_blocked, id=29552, stack(0x000000fae6c00000,0x000000fae6d00000)]
  0x0000020c51da14a0 JavaThread "Service Thread" daemon [_thread_blocked, id=33324, stack(0x000000fae6d00000,0x000000fae6e00000)]
  0x0000020c51da6aa0 JavaThread "Monitor Deflation Thread" daemon [_thread_blocked, id=43504, stack(0x000000fae6e00000,0x000000fae6f00000)]
  0x0000020c51db5240 JavaThread "C2 CompilerThread0" daemon [_thread_blocked, id=45672, stack(0x000000fae6f00000,0x000000fae7000000)]
  0x0000020c51db5840 JavaThread "C1 CompilerThread0" daemon [_thread_in_vm, id=43800, stack(0x000000fae7000000,0x000000fae7100000)]
  0x0000020c51dbde30 JavaThread "Sweeper thread" daemon [_thread_blocked, id=17988, stack(0x000000fae7100000,0x000000fae7200000)]
  0x0000020c51d752b0 JavaThread "Common-Cleaner" daemon [_thread_blocked, id=43332, stack(0x000000fae7200000,0x000000fae7300000)]
=>0x0000020c534617a0 JavaThread "Monitor Ctrl-Break" daemon [_thread_in_vm, id=22148, stack(0x000000fae7300000,0x000000fae7400000)]
  0x0000020c534e7c30 JavaThread "Notification Thread" daemon [_thread_blocked, id=22396, stack(0x000000fae7400000,0x000000fae7500000)]

Other Threads:
  0x0000020c51d83d00 VMThread "VM Thread" [stack: 0x000000fae6800000,0x000000fae6900000] [id=42160]
  0x0000020c534e8990 WatcherThread [stack: 0x000000fae7500000,0x000000fae7600000] [id=47044]
  0x0000020c2d0025f0 GCTaskThread "GC Thread#0" [stack: 0x000000fae6300000,0x000000fae6400000] [id=46420]
  0x0000020c2d00d3b0 ConcurrentGCThread "G1 Main Marker" [stack: 0x000000fae6400000,0x000000fae6500000] [id=46296]
  0x0000020c2d00ed70 ConcurrentGCThread "G1 Conc#0" [stack: 0x000000fae6500000,0x000000fae6600000] [id=10788]
  0x0000020c2d047cd0 ConcurrentGCThread "G1 Refine#0" [stack: 0x000000fae6600000,0x000000fae6700000] [id=28808]
  0x0000020c51c45330 ConcurrentGCThread "G1 Service" [stack: 0x000000fae6700000,0x000000fae6800000] [id=45332]

Threads with active compile tasks:
C1 CompilerThread0      608  431       3       java.lang.CharacterDataLatin1::toUpperCase (53 bytes)

VM state: not at safepoint (normal execution)

VM Mutex/Monitor currently owned by a thread:  ([mutex/lock_event])
[0x0000020c2cf839b0] Metaspace_lock - owner thread: 0x0000020c534617a0
[0x0000020c2cf85dc0] MethodData_lock - owner thread: 0x0000020c51db5840

Heap address: 0x00000006c3000000, size: 5072 MB, Compressed Oops mode: Zero based, Oop shift amount: 3

CDS archive(s) mapped at: [0x0000000800000000-0x0000000800bd0000-0x0000000800bd0000), size 12386304, SharedBaseAddress: 0x0000000800000000, ArchiveRelocationMode: 0.
Compressed class space mapped at: 0x0000000800c00000-0x0000000840c00000, reserved size: 1073741824
Narrow klass base: 0x0000000800000000, Narrow klass shift: 0, Narrow klass range: 0x100000000

GC Precious Log:
 CPUs: 8 total, 8 available
 Memory: 20275M
 Large Page Support: Disabled
 NUMA Support: Disabled
 Compressed Oops: Enabled (Zero based)
 Heap Region Size: 4M
 Heap Min Capacity: 8M
 Heap Initial Capacity: 320M
 Heap Max Capacity: 5072M
 Pre-touch: Disabled
 Parallel Workers: 8
 Concurrent Workers: 2
 Concurrent Refinement Workers: 8
 Periodic GC: Disabled

Heap:
 garbage-first heap   total 327680K, used 12288K [0x00000006c3000000, 0x0000000800000000)
  region size 4096K, 4 young (16384K), 0 survivors (0K)
 Metaspace       used 726K, committed 832K, reserved 1056768K
  class space    used 32K, committed 128K, reserved 1048576K

Heap Regions: E=young(eden), S=young(survivor), O=old, HS=humongous(starts), HC=humongous(continues), CS=collection set, F=free, OA=open archive, CA=closed archive, TAMS=top-at-mark-start (previous, next)
|   0|0x00000006c3000000, 0x00000006c3000000, 0x00000006c3400000|  0%| F|  |TAMS 0x00000006c3000000, 0x00000006c3000000| Untracked 
|   1|0x00000006c3400000, 0x00000006c3400000, 0x00000006c3800000|  0%| F|  |TAMS 0x00000006c3400000, 0x00000006c3400000| Untracked 
|   2|0x00000006c3800000, 0x00000006c3800000, 0x00000006c3c00000|  0%| F|  |TAMS 0x00000006c3800000, 0x00000006c3800000| Untracked 
|   3|0x00000006c3c00000, 0x00000006c3c00000, 0x00000006c4000000|  0%| F|  |TAMS 0x00000006c3c00000, 0x00000006c3c00000| Untracked 
|   4|0x00000006c4000000, 0x00000006c4000000, 0x00000006c4400000|  0%| F|  |TAMS 0x00000006c4000000, 0x00000006c4000000| Untracked 
|   5|0x00000006c4400000, 0x00000006c4400000, 0x00000006c4800000|  0%| F|  |TAMS 0x00000006c4400000, 0x00000006c4400000| Untracked 
|   6|0x00000006c4800000, 0x00000006c4800000, 0x00000006c4c00000|  0%| F|  |TAMS 0x00000006c4800000, 0x00000006c4800000| Untracked 
|   7|0x00000006c4c00000, 0x00000006c4c00000, 0x00000006c5000000|  0%| F|  |TAMS 0x00000006c4c00000, 0x00000006c4c00000| Untracked 
|   8|0x00000006c5000000, 0x00000006c5000000, 0x00000006c5400000|  0%| F|  |TAMS 0x00000006c5000000, 0x00000006c5000000| Untracked 
|   9|0x00000006c5400000, 0x00000006c5400000, 0x00000006c5800000|  0%| F|  |TAMS 0x00000006c5400000, 0x00000006c5400000| Untracked 
|  10|0x00000006c5800000, 0x00000006c5800000, 0x00000006c5c00000|  0%| F|  |TAMS 0x00000006c5800000, 0x00000006c5800000| Untracked 
|  11|0x00000006c5c00000, 0x00000006c5c00000, 0x00000006c6000000|  0%| F|  |TAMS 0x00000006c5c00000, 0x00000006c5c00000| Untracked 
|  12|0x00000006c6000000, 0x00000006c6000000, 0x00000006c6400000|  0%| F|  |TAMS 0x00000006c6000000, 0x00000006c6000000| Untracked 
|  13|0x00000006c6400000, 0x00000006c6400000, 0x00000006c6800000|  0%| F|  |TAMS 0x00000006c6400000, 0x00000006c6400000| Untracked 
|  14|0x00000006c6800000, 0x00000006c6800000, 0x00000006c6c00000|  0%| F|  |TAMS 0x00000006c6800000, 0x00000006c6800000| Untracked 
|  15|0x00000006c6c00000, 0x00000006c6c00000, 0x00000006c7000000|  0%| F|  |TAMS 0x00000006c6c00000, 0x00000006c6c00000| Untracked 
|  16|0x00000006c7000000, 0x00000006c7000000, 0x00000006c7400000|  0%| F|  |TAMS 0x00000006c7000000, 0x00000006c7000000| Untracked 
|  17|0x00000006c7400000, 0x00000006c7400000, 0x00000006c7800000|  0%| F|  |TAMS 0x00000006c7400000, 0x00000006c7400000| Untracked 
|  18|0x00000006c7800000, 0x00000006c7800000, 0x00000006c7c00000|  0%| F|  |TAMS 0x00000006c7800000, 0x00000006c7800000| Untracked 
|  19|0x00000006c7c00000, 0x00000006c7c00000, 0x00000006c8000000|  0%| F|  |TAMS 0x00000006c7c00000, 0x00000006c7c00000| Untracked 
|  20|0x00000006c8000000, 0x00000006c8000000, 0x00000006c8400000|  0%| F|  |TAMS 0x00000006c8000000, 0x00000006c8000000| Untracked 
|  21|0x00000006c8400000, 0x00000006c8400000, 0x00000006c8800000|  0%| F|  |TAMS 0x00000006c8400000, 0x00000006c8400000| Untracked 
|  22|0x00000006c8800000, 0x00000006c8800000, 0x00000006c8c00000|  0%| F|  |TAMS 0x00000006c8800000, 0x00000006c8800000| Untracked 
|  23|0x00000006c8c00000, 0x00000006c8c00000, 0x00000006c9000000|  0%| F|  |TAMS 0x00000006c8c00000, 0x00000006c8c00000| Untracked 
|  24|0x00000006c9000000, 0x00000006c9000000, 0x00000006c9400000|  0%| F|  |TAMS 0x00000006c9000000, 0x00000006c9000000| Untracked 
|  25|0x00000006c9400000, 0x00000006c9400000, 0x00000006c9800000|  0%| F|  |TAMS 0x00000006c9400000, 0x00000006c9400000| Untracked 
|  26|0x00000006c9800000, 0x00000006c9800000, 0x00000006c9c00000|  0%| F|  |TAMS 0x00000006c9800000, 0x00000006c9800000| Untracked 
|  27|0x00000006c9c00000, 0x00000006c9c00000, 0x00000006ca000000|  0%| F|  |TAMS 0x00000006c9c00000, 0x00000006c9c00000| Untracked 
|  28|0x00000006ca000000, 0x00000006ca000000, 0x00000006ca400000|  0%| F|  |TAMS 0x00000006ca000000, 0x00000006ca000000| Untracked 
|  29|0x00000006ca400000, 0x00000006ca400000, 0x00000006ca800000|  0%| F|  |TAMS 0x00000006ca400000, 0x00000006ca400000| Untracked 
|  30|0x00000006ca800000, 0x00000006ca800000, 0x00000006cac00000|  0%| F|  |TAMS 0x00000006ca800000, 0x00000006ca800000| Untracked 
|  31|0x00000006cac00000, 0x00000006cac00000, 0x00000006cb000000|  0%| F|  |TAMS 0x00000006cac00000, 0x00000006cac00000| Untracked 
|  32|0x00000006cb000000, 0x00000006cb000000, 0x00000006cb400000|  0%| F|  |TAMS 0x00000006cb000000, 0x00000006cb000000| Untracked 
|  33|0x00000006cb400000, 0x00000006cb400000, 0x00000006cb800000|  0%| F|  |TAMS 0x00000006cb400000, 0x00000006cb400000| Untracked 
|  34|0x00000006cb800000, 0x00000006cb800000, 0x00000006cbc00000|  0%| F|  |TAMS 0x00000006cb800000, 0x00000006cb800000| Untracked 
|  35|0x00000006cbc00000, 0x00000006cbc00000, 0x00000006cc000000|  0%| F|  |TAMS 0x00000006cbc00000, 0x00000006cbc00000| Untracked 
|  36|0x00000006cc000000, 0x00000006cc000000, 0x00000006cc400000|  0%| F|  |TAMS 0x00000006cc000000, 0x00000006cc000000| Untracked 
|  37|0x00000006cc400000, 0x00000006cc400000, 0x00000006cc800000|  0%| F|  |TAMS 0x00000006cc400000, 0x00000006cc400000| Untracked 
|  38|0x00000006cc800000, 0x00000006cc800000, 0x00000006ccc00000|  0%| F|  |TAMS 0x00000006cc800000, 0x00000006cc800000| Untracked 
|  39|0x00000006ccc00000, 0x00000006ccc00000, 0x00000006cd000000|  0%| F|  |TAMS 0x00000006ccc00000, 0x00000006ccc00000| Untracked 
|  40|0x00000006cd000000, 0x00000006cd000000, 0x00000006cd400000|  0%| F|  |TAMS 0x00000006cd000000, 0x00000006cd000000| Untracked 
|  41|0x00000006cd400000, 0x00000006cd400000, 0x00000006cd800000|  0%| F|  |TAMS 0x00000006cd400000, 0x00000006cd400000| Untracked 
|  42|0x00000006cd800000, 0x00000006cd800000, 0x00000006cdc00000|  0%| F|  |TAMS 0x00000006cd800000, 0x00000006cd800000| Untracked 
|  43|0x00000006cdc00000, 0x00000006cdc00000, 0x00000006ce000000|  0%| F|  |TAMS 0x00000006cdc00000, 0x00000006cdc00000| Untracked 
|  44|0x00000006ce000000, 0x00000006ce000000, 0x00000006ce400000|  0%| F|  |TAMS 0x00000006ce000000, 0x00000006ce000000| Untracked 
|  45|0x00000006ce400000, 0x00000006ce400000, 0x00000006ce800000|  0%| F|  |TAMS 0x00000006ce400000, 0x00000006ce400000| Untracked 
|  46|0x00000006ce800000, 0x00000006ce800000, 0x00000006cec00000|  0%| F|  |TAMS 0x00000006ce800000, 0x00000006ce800000| Untracked 
|  47|0x00000006cec00000, 0x00000006cec00000, 0x00000006cf000000|  0%| F|  |TAMS 0x00000006cec00000, 0x00000006cec00000| Untracked 
|  48|0x00000006cf000000, 0x00000006cf000000, 0x00000006cf400000|  0%| F|  |TAMS 0x00000006cf000000, 0x00000006cf000000| Untracked 
|  49|0x00000006cf400000, 0x00000006cf400000, 0x00000006cf800000|  0%| F|  |TAMS 0x00000006cf400000, 0x00000006cf400000| Untracked 
|  50|0x00000006cf800000, 0x00000006cf800000, 0x00000006cfc00000|  0%| F|  |TAMS 0x00000006cf800000, 0x00000006cf800000| Untracked 
|  51|0x00000006cfc00000, 0x00000006cfc00000, 0x00000006d0000000|  0%| F|  |TAMS 0x00000006cfc00000, 0x00000006cfc00000| Untracked 
|  52|0x00000006d0000000, 0x00000006d0000000, 0x00000006d0400000|  0%| F|  |TAMS 0x00000006d0000000, 0x00000006d0000000| Untracked 
|  53|0x00000006d0400000, 0x00000006d0400000, 0x00000006d0800000|  0%| F|  |TAMS 0x00000006d0400000, 0x00000006d0400000| Untracked 
|  54|0x00000006d0800000, 0x00000006d0800000, 0x00000006d0c00000|  0%| F|  |TAMS 0x00000006d0800000, 0x00000006d0800000| Untracked 
|  55|0x00000006d0c00000, 0x00000006d0c00000, 0x00000006d1000000|  0%| F|  |TAMS 0x00000006d0c00000, 0x00000006d0c00000| Untracked 
|  56|0x00000006d1000000, 0x00000006d1000000, 0x00000006d1400000|  0%| F|  |TAMS 0x00000006d1000000, 0x00000006d1000000| Untracked 
|  57|0x00000006d1400000, 0x00000006d1400000, 0x00000006d1800000|  0%| F|  |TAMS 0x00000006d1400000, 0x00000006d1400000| Untracked 
|  58|0x00000006d1800000, 0x00000006d1800000, 0x00000006d1c00000|  0%| F|  |TAMS 0x00000006d1800000, 0x00000006d1800000| Untracked 
|  59|0x00000006d1c00000, 0x00000006d1c00000, 0x00000006d2000000|  0%| F|  |TAMS 0x00000006d1c00000, 0x00000006d1c00000| Untracked 
|  60|0x00000006d2000000, 0x00000006d2000000, 0x00000006d2400000|  0%| F|  |TAMS 0x00000006d2000000, 0x00000006d2000000| Untracked 
|  61|0x00000006d2400000, 0x00000006d2400000, 0x00000006d2800000|  0%| F|  |TAMS 0x00000006d2400000, 0x00000006d2400000| Untracked 
|  62|0x00000006d2800000, 0x00000006d2800000, 0x00000006d2c00000|  0%| F|  |TAMS 0x00000006d2800000, 0x00000006d2800000| Untracked 
|  63|0x00000006d2c00000, 0x00000006d2c00000, 0x00000006d3000000|  0%| F|  |TAMS 0x00000006d2c00000, 0x00000006d2c00000| Untracked 
|  64|0x00000006d3000000, 0x00000006d3000000, 0x00000006d3400000|  0%| F|  |TAMS 0x00000006d3000000, 0x00000006d3000000| Untracked 
|  65|0x00000006d3400000, 0x00000006d3400000, 0x00000006d3800000|  0%| F|  |TAMS 0x00000006d3400000, 0x00000006d3400000| Untracked 
|  66|0x00000006d3800000, 0x00000006d3800000, 0x00000006d3c00000|  0%| F|  |TAMS 0x00000006d3800000, 0x00000006d3800000| Untracked 
|  67|0x00000006d3c00000, 0x00000006d3c00000, 0x00000006d4000000|  0%| F|  |TAMS 0x00000006d3c00000, 0x00000006d3c00000| Untracked 
|  68|0x00000006d4000000, 0x00000006d4000000, 0x00000006d4400000|  0%| F|  |TAMS 0x00000006d4000000, 0x00000006d4000000| Untracked 
|  69|0x00000006d4400000, 0x00000006d4400000, 0x00000006d4800000|  0%| F|  |TAMS 0x00000006d4400000, 0x00000006d4400000| Untracked 
|  70|0x00000006d4800000, 0x00000006d4800000, 0x00000006d4c00000|  0%| F|  |TAMS 0x00000006d4800000, 0x00000006d4800000| Untracked 
|  71|0x00000006d4c00000, 0x00000006d4c00000, 0x00000006d5000000|  0%| F|  |TAMS 0x00000006d4c00000, 0x00000006d4c00000| Untracked 
|  72|0x00000006d5000000, 0x00000006d5000000, 0x00000006d5400000|  0%| F|  |TAMS 0x00000006d5000000, 0x00000006d5000000| Untracked 
|  73|0x00000006d5400000, 0x00000006d5400000, 0x00000006d5800000|  0%| F|  |TAMS 0x00000006d5400000, 0x00000006d5400000| Untracked 
|  74|0x00000006d5800000, 0x00000006d5800000, 0x00000006d5c00000|  0%| F|  |TAMS 0x00000006d5800000, 0x00000006d5800000| Untracked 
|  75|0x00000006d5c00000, 0x00000006d5c00000, 0x00000006d6000000|  0%| F|  |TAMS 0x00000006d5c00000, 0x00000006d5c00000| Untracked 
|  76|0x00000006d6000000, 0x00000006d613b308, 0x00000006d6400000| 30%| E|  |TAMS 0x00000006d6000000, 0x00000006d6000000| Complete 
|  77|0x00000006d6400000, 0x00000006d6800000, 0x00000006d6800000|100%| E|CS|TAMS 0x00000006d6400000, 0x00000006d6400000| Complete 
|  78|0x00000006d6800000, 0x00000006d6c00000, 0x00000006d6c00000|100%| E|CS|TAMS 0x00000006d6800000, 0x00000006d6800000| Complete 
|  79|0x00000006d6c00000, 0x00000006d7000000, 0x00000006d7000000|100%| E|CS|TAMS 0x00000006d6c00000, 0x00000006d6c00000| Complete 

Card table byte_map: [0x0000020c44510000,0x0000020c44f00000] _byte_map_base: 0x0000020c40ef8000

Marking Bits (Prev, Next): (CMBitMap*) 0x0000020c2d002c00, (CMBitMap*) 0x0000020c2d002c40
 Prev Bits: [0x0000020c458f0000, 0x0000020c4a830000)
 Next Bits: [0x0000020c4a830000, 0x0000020c4f770000)

Polling page: 0x0000020c2c750000

Metaspace:

Usage:
  Non-class:    694.18 KB used.
      Class:     32.29 KB used.
       Both:    726.47 KB used.

Virtual space:
  Non-class space:        8.00 MB reserved,     704.00 KB (  9%) committed,  1 nodes.
      Class space:        1.00 GB reserved,     128.00 KB ( <1%) committed,  1 nodes.
             Both:        1.01 GB reserved,     832.00 KB ( <1%) committed. 

Chunk freelists:
   Non-Class:  3.94 MB
       Class:  3.74 MB
        Both:  7.69 MB

MaxMetaspaceSize: unlimited
CompressedClassSpaceSize: 1.00 GB
Initial GC threshold: 21.00 MB
Current GC threshold: 21.00 MB
CDS: on
MetaspaceReclaimPolicy: balanced
 - commit_granule_bytes: 65536.
 - commit_granule_words: 8192.
 - virtual_space_node_default_size: 1048576.
 - enlarge_chunks_in_place: 1.
 - new_chunks_are_fully_committed: 0.
 - uncommit_free_chunks: 1.
 - use_allocation_guard: 0.
 - handle_deallocations: 1.


Internal statistics:

num_allocs_failed_limit: 0.
num_arena_births: 8.
num_arena_deaths: 0.
num_vsnodes_births: 2.
num_vsnodes_deaths: 0.
num_space_committed: 13.
num_space_uncommitted: 0.
num_chunks_returned_to_freelist: 0.
num_chunks_taken_from_freelist: 14.
num_chunk_merges: 0.
num_chunk_splits: 7.
num_chunks_enlarged: 4.
num_purges: 0.
num_inconsistent_stats: 0.

CodeHeap 'non-profiled nmethods': size=120000Kb used=147Kb max_used=147Kb free=119852Kb
 bounds [0x0000020c3c2c0000, 0x0000020c3c530000, 0x0000020c437f0000]
CodeHeap 'profiled nmethods': size=120000Kb used=651Kb max_used=651Kb free=119348Kb
 bounds [0x0000020c34d90000, 0x0000020c35000000, 0x0000020c3c2c0000]
CodeHeap 'non-nmethods': size=5760Kb used=1126Kb max_used=1139Kb free=4633Kb
 bounds [0x0000020c347f0000, 0x0000020c34a60000, 0x0000020c34d90000]
 total_blobs=824 nmethods=430 adapters=307
 compilation: enabled
              stopped_count=0, restarted_count=0
 full_count=0

Compilation events (20 events):
Event: 0.581 Thread 0x0000020c51db5840 nmethod 419 0x0000020c34e2c510 code [0x0000020c34e2c700, 0x0000020c34e2cbd8]
Event: 0.581 Thread 0x0000020c51db5840  420       3       java.util.jar.JarFile::getEntry (35 bytes)
Event: 0.581 Thread 0x0000020c51db5840 nmethod 420 0x0000020c34e2cd10 code [0x0000020c34e2cf00, 0x0000020c34e2d398]
Event: 0.581 Thread 0x0000020c51db5840  421  s!   3       jdk.internal.loader.URLClassPath::getLoader (194 bytes)
Event: 0.583 Thread 0x0000020c51db5840 nmethod 421 0x0000020c34e2d510 code [0x0000020c34e2d820, 0x0000020c34e2ec28]
Event: 0.583 Thread 0x0000020c51db5840  422   !   3       jdk.internal.loader.URLClassPath$JarLoader::getResource (65 bytes)
Event: 0.583 Thread 0x0000020c51db5840 nmethod 422 0x0000020c34e2f410 code [0x0000020c34e2f660, 0x0000020c34e2ffc8]
Event: 0.586 Thread 0x0000020c51db5840  423       3       java.lang.StringUTF16::getChar (60 bytes)
Event: 0.586 Thread 0x0000020c51db5840 nmethod 423 0x0000020c34e30310 code [0x0000020c34e304a0, 0x0000020c34e30618]
Event: 0.587 Thread 0x0000020c51db5840  424       3       java.lang.String::charAt (25 bytes)
Event: 0.587 Thread 0x0000020c51db5840 nmethod 424 0x0000020c34e30710 code [0x0000020c34e30900, 0x0000020c34e30e38]
Event: 0.588 Thread 0x0000020c51db5840  425       3       java.lang.invoke.MemberName::isInvocable (8 bytes)
Event: 0.588 Thread 0x0000020c51db5840 nmethod 425 0x0000020c34e31090 code [0x0000020c34e31240, 0x0000020c34e314d8]
Event: 0.588 Thread 0x0000020c51db5840  426       3       java.lang.invoke.MemberName::testAnyFlags (15 bytes)
Event: 0.589 Thread 0x0000020c51db5840 nmethod 426 0x0000020c34e31610 code [0x0000020c34e317c0, 0x0000020c34e319f8]
Event: 0.590 Thread 0x0000020c51db5840  428       3       jdk.internal.misc.Unsafe::allocateUninitializedArray (55 bytes)
Event: 0.590 Thread 0x0000020c51db5840 nmethod 428 0x0000020c34e31a90 code [0x0000020c34e31c80, 0x0000020c34e320f8]
Event: 0.592 Thread 0x0000020c51db5240  429       4       java.lang.ref.Reference::reachabilityFence (1 bytes)
Event: 0.593 Thread 0x0000020c51db5240 nmethod 429 0x0000020c3c2e4b10 code [0x0000020c3c2e4c80, 0x0000020c3c2e4cd8]
Event: 0.593 Thread 0x0000020c51db5840  430       3       java.lang.String::regionMatches (150 bytes)

GC Heap History (0 events):
No events

Deoptimization events (20 events):
Event: 0.248 Thread 0x0000020c2cf8c320 Uncommon trap: trap_request=0xffffff45 fr.pc=0x0000020c3c2d29fc relative=0x00000000000005bc
Event: 0.248 Thread 0x0000020c2cf8c320 Uncommon trap: reason=unstable_if action=reinterpret pc=0x0000020c3c2d29fc method=java.util.zip.ZipFile$Source.checkAndAddEntry(II)I @ 50 c2
Event: 0.248 Thread 0x0000020c2cf8c320 DEOPT PACKING pc=0x0000020c3c2d29fc sp=0x000000fae62fe180
Event: 0.248 Thread 0x0000020c2cf8c320 DEOPT UNPACKING pc=0x0000020c34845ba3 sp=0x000000fae62fe0f8 mode 2
Event: 0.309 Thread 0x0000020c2cf8c320 Uncommon trap: trap_request=0xffffff45 fr.pc=0x0000020c3c2d5304 relative=0x0000000000000904
Event: 0.309 Thread 0x0000020c2cf8c320 Uncommon trap: reason=unstable_if action=reinterpret pc=0x0000020c3c2d5304 method=java.util.HashMap.putVal(ILjava/lang/Object;Ljava/lang/Object;ZZ)Ljava/lang/Object; @ 181 c2
Event: 0.309 Thread 0x0000020c2cf8c320 DEOPT PACKING pc=0x0000020c3c2d5304 sp=0x000000fae62fea40
Event: 0.309 Thread 0x0000020c2cf8c320 DEOPT UNPACKING pc=0x0000020c34845ba3 sp=0x000000fae62fe9e0 mode 2
Event: 0.555 Thread 0x0000020c2cf8c320 DEOPT PACKING pc=0x0000020c34df1034 sp=0x000000fae62fe430
Event: 0.555 Thread 0x0000020c2cf8c320 DEOPT UNPACKING pc=0x0000020c348466e3 sp=0x000000fae62fd8a0 mode 0
Event: 0.558 Thread 0x0000020c2cf8c320 DEOPT PACKING pc=0x0000020c34dd99d6 sp=0x000000fae62fe0a0
Event: 0.558 Thread 0x0000020c2cf8c320 DEOPT UNPACKING pc=0x0000020c348466e3 sp=0x000000fae62fd540 mode 0
Event: 0.579 Thread 0x0000020c2cf8c320 Uncommon trap: trap_request=0xffffff45 fr.pc=0x0000020c3c2dfbf0 relative=0x00000000000004b0
Event: 0.579 Thread 0x0000020c2cf8c320 Uncommon trap: reason=unstable_if action=reinterpret pc=0x0000020c3c2dfbf0 method=java.util.jar.Manifest$FastInputStream.readLine([BII)I @ 106 c2
Event: 0.579 Thread 0x0000020c2cf8c320 DEOPT PACKING pc=0x0000020c3c2dfbf0 sp=0x000000fae62fe780
Event: 0.579 Thread 0x0000020c2cf8c320 DEOPT UNPACKING pc=0x0000020c34845ba3 sp=0x000000fae62fe710 mode 2
Event: 0.586 Thread 0x0000020c2cf8c320 Uncommon trap: trap_request=0xffffff45 fr.pc=0x0000020c3c2c15f8 relative=0x0000000000000078
Event: 0.586 Thread 0x0000020c2cf8c320 Uncommon trap: reason=unstable_if action=reinterpret pc=0x0000020c3c2c15f8 method=java.lang.String.isLatin1()Z @ 10 c2
Event: 0.586 Thread 0x0000020c2cf8c320 DEOPT PACKING pc=0x0000020c3c2c15f8 sp=0x000000fae62fefc0
Event: 0.586 Thread 0x0000020c2cf8c320 DEOPT UNPACKING pc=0x0000020c34845ba3 sp=0x000000fae62fef00 mode 2

Classes unloaded (0 events):
No events

Classes redefined (0 events):
No events

Internal exceptions (1 events):
Event: 0.590 Thread 0x0000020c534617a0 Exception <a 'java/lang/NoSuchMethodError'{0x00000006d60d9098}: 'java.lang.Object java.lang.invoke.DirectMethodHandle$Holder.invokeStaticInit(java.lang.Object)'> (0x00000006d60d9098) 
thrown [s\open\src\hotspot\share\interpreter\linkResolver.cpp, line 759]

VM Operations (4 events):
Event: 0.164 Executing VM operation: HandshakeAllThreads
Event: 0.164 Executing VM operation: HandshakeAllThreads done
Event: 0.588 Executing VM operation: HandshakeAllThreads
Event: 0.588 Executing VM operation: HandshakeAllThreads done

Events (20 events):
Event: 0.588 loading class jdk/internal/loader/URLClassPath$FileLoader$1 done
Event: 0.589 loading class java/net/InetSocketAddress$InetSocketAddressHolder
Event: 0.589 loading class java/net/InetSocketAddress$InetSocketAddressHolder done
Event: 0.589 loading class java/net/SocketImpl
Event: 0.589 loading class java/net/SocketOptions
Event: 0.589 loading class java/net/SocketOptions done
Event: 0.589 loading class java/net/SocketImpl done
Event: 0.591 loading class sun/net/NetProperties
Event: 0.591 loading class sun/net/NetProperties done
Event: 0.591 loading class sun/net/NetProperties$1
Event: 0.591 loading class sun/net/NetProperties$1 done
Event: 0.592 loading class sun/nio/ch/NioSocketImpl
Event: 0.593 loading class sun/net/PlatformSocketImpl
Event: 0.593 loading class sun/net/PlatformSocketImpl done
Event: 0.593 loading class sun/nio/ch/NioSocketImpl done
Event: 0.593 loading class sun/nio/ch/SocketDispatcher
Event: 0.593 loading class sun/nio/ch/NativeDispatcher
Event: 0.593 loading class sun/nio/ch/NativeDispatcher done
Event: 0.593 loading class sun/nio/ch/SocketDispatcher done
Event: 0.593 loading class sun/nio/ch/IOUtil


Dynamic libraries:
0x00007ff7b65d0000 - 0x00007ff7b65e0000 	C:\Program Files\Java\jdk-17.0.5\bin\java.exe
0x00007ffef5250000 - 0x00007ffef5448000 	C:\Windows\SYSTEM32\ntdll.dll
0x00007ffef4280000 - 0x00007ffef433f000 	C:\Windows\System32\KERNEL32.DLL
0x00007ffef2d90000 - 0x00007ffef3062000 	C:\Windows\System32\KERNELBASE.dll
0x00007ffef2b30000 - 0x00007ffef2c30000 	C:\Windows\System32\ucrtbase.dll
0x00007ffee9a70000 - 0x00007ffee9a8a000 	C:\Program Files\Java\jdk-17.0.5\bin\VCRUNTIME140.dll
0x00007ffee9a50000 - 0x00007ffee9a68000 	C:\Program Files\Java\jdk-17.0.5\bin\jli.dll
0x00007ffef4490000 - 0x00007ffef453e000 	C:\Windows\System32\ADVAPI32.dll
0x00007ffef3430000 - 0x00007ffef34ce000 	C:\Windows\System32\msvcrt.dll
0x00007ffef3550000 - 0x00007ffef35ec000 	C:\Windows\System32\sechost.dll
0x00007ffef4900000 - 0x00007ffef4a25000 	C:\Windows\System32\RPCRT4.dll
0x00007ffef40d0000 - 0x00007ffef4271000 	C:\Windows\System32\USER32.dll
0x00007ffef2a50000 - 0x00007ffef2a72000 	C:\Windows\System32\win32u.dll
0x00007ffee1580000 - 0x00007ffee181a000 	C:\Windows\WinSxS\amd64_microsoft.windows.common-controls_6595b64144ccf1df_6.0.19041.1110_none_60b5254171f9507e\COMCTL32.dll
0x00007ffef51e0000 - 0x00007ffef520b000 	C:\Windows\System32\GDI32.dll
0x00007ffef30a0000 - 0x00007ffef31af000 	C:\Windows\System32\gdi32full.dll
0x00007ffef29b0000 - 0x00007ffef2a4d000 	C:\Windows\System32\msvcp_win.dll
0x00007ffeed710000 - 0x00007ffeed71a000 	C:\Windows\SYSTEM32\VERSION.dll
0x00007ffef4090000 - 0x00007ffef40c2000 	C:\Windows\System32\IMM32.DLL
0x00007ffeed570000 - 0x00007ffeed57c000 	C:\Program Files\Java\jdk-17.0.5\bin\vcruntime140_1.dll
0x00007ffed0310000 - 0x00007ffed039d000 	C:\Program Files\Java\jdk-17.0.5\bin\msvcp140.dll
0x00007ffe8ad90000 - 0x00007ffe8b952000 	C:\Program Files\Java\jdk-17.0.5\bin\server\jvm.dll
0x00007ffef34d0000 - 0x00007ffef34d8000 	C:\Windows\System32\PSAPI.DLL
0x00007ffee76b0000 - 0x00007ffee76d7000 	C:\Windows\SYSTEM32\WINMM.dll
0x00007ffee2260000 - 0x00007ffee2269000 	C:\Windows\SYSTEM32\WSOCK32.dll
0x00007ffef3f70000 - 0x00007ffef3fdb000 	C:\Windows\System32\WS2_32.dll
0x00007ffef1150000 - 0x00007ffef1162000 	C:\Windows\SYSTEM32\kernel.appcore.dll
0x00007ffeeb310000 - 0x00007ffeeb31a000 	C:\Program Files\Java\jdk-17.0.5\bin\jimage.dll
0x00007ffef06a0000 - 0x00007ffef0884000 	C:\Windows\SYSTEM32\DBGHELP.DLL
0x00007ffeea680000 - 0x00007ffeea6b5000 	C:\Windows\SYSTEM32\dbgcore.DLL
0x00007ffef31b0000 - 0x00007ffef3232000 	C:\Windows\System32\bcryptPrimitives.dll
0x00007ffee9b30000 - 0x00007ffee9b3e000 	C:\Program Files\Java\jdk-17.0.5\bin\instrument.dll
0x00007ffee97a0000 - 0x00007ffee97c5000 	C:\Program Files\Java\jdk-17.0.5\bin\java.dll
0x00007ffeb6960000 - 0x00007ffeb6a36000 	C:\Program Files\Java\jdk-17.0.5\bin\jsvml.dll
0x00007ffef3820000 - 0x00007ffef3f65000 	C:\Windows\System32\SHELL32.dll
0x00007ffef09a0000 - 0x00007ffef1132000 	C:\Windows\SYSTEM32\windows.storage.dll
0x00007ffef4540000 - 0x00007ffef4895000 	C:\Windows\System32\combase.dll
0x00007ffef21e0000 - 0x00007ffef2210000 	C:\Windows\SYSTEM32\Wldp.dll
0x00007ffef3fe0000 - 0x00007ffef408d000 	C:\Windows\System32\SHCORE.dll
0x00007ffef37c0000 - 0x00007ffef3815000 	C:\Windows\System32\shlwapi.dll
0x00007ffef2880000 - 0x00007ffef289f000 	C:\Windows\SYSTEM32\profapi.dll
0x00007ffee4200000 - 0x00007ffee4218000 	C:\Program Files\Java\jdk-17.0.5\bin\zip.dll
0x00007ffee8c20000 - 0x00007ffee8c39000 	C:\Program Files\Java\jdk-17.0.5\bin\net.dll
0x00007ffeeb4e0000 - 0x00007ffeeb5ec000 	C:\Windows\SYSTEM32\WINHTTP.dll
0x00007ffef1fc0000 - 0x00007ffef202a000 	C:\Windows\system32\mswsock.dll
0x00007ffee7a00000 - 0x00007ffee7a16000 	C:\Program Files\Java\jdk-17.0.5\bin\nio.dll
0x00007ffeed810000 - 0x00007ffeed82a000 	C:\Program Files\JetBrains\IntelliJ IDEA Community Edition 2022.3.2\bin\breakgen64.dll

dbghelp: loaded successfully - version: 4.0.5 - missing functions: none
symbol engine: initialized successfully - sym options: 0x614 - pdb path: .;C:\Program Files\Java\jdk-17.0.5\bin;C:\Windows\SYSTEM32;C:\Windows\WinSxS\amd64_microsoft.windows.common-controls_6595b64144ccf1df_6.0.19041.1110_none_60b5254171f9507e;C:\Program Files\Java\jdk-17.0.5\bin\server;C:\Program Files\JetBrains\IntelliJ IDEA Community Edition 2022.3.2\bin

VM Arguments:
jvm_args: -javaagent:C:\Program Files\JetBrains\IntelliJ IDEA Community Edition 2022.3.2\lib\idea_rt.jar=57043:C:\Program Files\JetBrains\IntelliJ IDEA Community Edition 2022.3.2\bin -Dfile.encoding=UTF-8 
java_command: com.example.demo.GraphqlApplication
java_class_path (initial): C:\Users\Lenovo\Desktop\parent\parent\graphql\target\classes;C:\Users\Lenovo\.m2\repository\org\springframework\boot\spring-boot-starter-data-jpa\3.0.3\spring-boot-starter-data-jpa-3.0.3.jar;C:\Users\Lenovo\.m2\repository\org\springframework\boot\spring-boot-starter-aop\3.0.3\spring-boot-starter-aop-3.0.3.jar;C:\Users\Lenovo\.m2\repository\org\springframework\spring-aop\6.0.5\spring-aop-6.0.5.jar;C:\Users\Lenovo\.m2\repository\org\aspectj\aspectjweaver\1.9.19\aspectjweaver-1.9.19.jar;C:\Users\Lenovo\.m2\repository\org\springframework\boot\spring-boot-starter-jdbc\3.0.3\spring-boot-starter-jdbc-3.0.3.jar;C:\Users\Lenovo\.m2\repository\com\zaxxer\HikariCP\5.0.1\HikariCP-5.0.1.jar;C:\Users\Lenovo\.m2\repository\org\springframework\spring-jdbc\6.0.5\spring-jdbc-6.0.5.jar;C:\Users\Lenovo\.m2\repository\org\hibernate\orm\hibernate-core\6.1.7.Final\hibernate-core-6.1.7.Final.jar;C:\Users\Lenovo\.m2\repository\jakarta\persistence\jakarta.persistence-api\3.1.0\jakarta.persistence-api-3.1.0.jar;C:\Users\Lenovo\.m2\repository\jakarta\transaction\jakarta.transaction-api\2.0.1\jakarta.transaction-api-2.0.1.jar;C:\Users\Lenovo\.m2\repository\org\jboss\logging\jboss-logging\3.5.0.Final\jboss-logging-3.5.0.Final.jar;C:\Users\Lenovo\.m2\repository\org\hibernate\common\hibernate-commons-annotations\6.0.6.Final\hibernate-commons-annotations-6.0.6.Final.jar;C:\Users\Lenovo\.m2\repository\org\jboss\jandex\2.4.2.Final\jandex-2.4.2.Final.jar;C:\Users\Lenovo\.m2\repository\com\fasterxml\classmate\1.5.1\classmate-1.5.1.jar;C:\Users\Lenovo\.m2\repository\net\bytebuddy\byte-buddy\1.12.23\byte-buddy-1.12.23.jar;C:\Users\Lenovo\.m2\repository\org\glassfish\jaxb\jaxb-runtime\4.0.2\jaxb-runtime-4.0.2.jar;C:\Users\Lenovo\.m2\repository\org\glassfish\jaxb\jaxb-core\4.0.2\jaxb-core-4.0.2.jar;C:\Users\Lenovo\.m2\repository\org\eclipse\angus\angus-activation\2.0.0\angus-activation-2.0.0.jar;C:\Users\Lenovo\.m2\repository\org\glassfish\jaxb\txw2\4.0.2\txw2-4.0.2.jar;C:\User
Launcher Type: SUN_STANDARD

[Global flags]
     intx CICompilerCount                          = 4                                         {product} {ergonomic}
     uint ConcGCThreads                            = 2                                         {product} {ergonomic}
     uint G1ConcRefinementThreads                  = 8                                         {product} {ergonomic}
   size_t G1HeapRegionSize                         = 4194304                                   {product} {ergonomic}
    uintx GCDrainStackTargetSize                   = 64                                        {product} {ergonomic}
   size_t InitialHeapSize                          = 335544320                                 {product} {ergonomic}
   size_t MarkStackSize                            = 4194304                                   {product} {ergonomic}
   size_t MaxHeapSize                              = 5318377472                                {product} {ergonomic}
   size_t MaxNewSize                               = 3187671040                                {product} {ergonomic}
   size_t MinHeapDeltaBytes                        = 4194304                                   {product} {ergonomic}
   size_t MinHeapSize                              = 8388608                                   {product} {ergonomic}
    uintx NonNMethodCodeHeapSize                   = 5839372                                {pd product} {ergonomic}
    uintx NonProfiledCodeHeapSize                  = 122909434                              {pd product} {ergonomic}
    uintx ProfiledCodeHeapSize                     = 122909434                              {pd product} {ergonomic}
    uintx ReservedCodeCacheSize                    = 251658240                              {pd product} {ergonomic}
     bool SegmentedCodeCache                       = true                                      {product} {ergonomic}
   size_t SoftMaxHeapSize                          = 5318377472                             {manageable} {ergonomic}
     bool UseCompressedClassPointers               = true                           {product lp64_product} {ergonomic}
     bool UseCompressedOops                        = true                           {product lp64_product} {ergonomic}
     bool UseG1GC                                  = true                                      {product} {ergonomic}
     bool UseLargePagesIndividualAllocation        = false                                  {pd product} {ergonomic}

Logging:
Log output configuration:
 #0: stdout all=warning uptime,level,tags
 #1: stderr all=off uptime,level,tags

Environment Variables:
JAVA_HOME=C:\Program Files\Java\jdk-17.0.5
PATH=C:\Program Files\Common Files\Oracle\Java\javapath;C:\Program Files (x86)\Common Files\Oracle\Java\javapath;C:\Windows\system32;C:\Windows;C:\Windows\System32\Wbem;C:\Windows\System32\WindowsPowerShell\v1.0\;C:\Windows\System32\OpenSSH\;C:\Program Files\Java\jdk-11.0.16\bin;C:\ProgramData\chocolatey\bin;C:\Program Files\nodejs\;C:\Program Files\Java\jdk-17.0.5\bin;C:\elasticsearch-8.6.0\bin;C:\logstash-8.6.0\bin;C:\Program Files\Docker\Docker\resources\bin;C:\apache-maven-3.8.7\bin;C:\Program Files\Java\jdk-17.0.5\bin;C:\Program Files\Java\jdk1.8.0_361\bin;C:\Program Files\PowerShell\7\;C:\Program Files\Git\cmd;C:\Users\Lenovo\AppData\Local\Microsoft\WindowsApps;C:\Users\Lenovo\AppData\Local\GitHubDesktop\bin;C:\Program Files\JetBrains\IntelliJ IDEA 2022.3.1\bin;;C:\Users\Lenovo\AppData\Roaming\npm;C:\Users\Lenovo\AppData\Local\Programs\Microsoft VS Code\bin;C:\Program Files\Docker Toolbox;C:\Program Files\Docker Toolbox
USERNAME=Lenovo
OS=Windows_NT
PROCESSOR_IDENTIFIER=Intel64 Family 6 Model 126 Stepping 5, GenuineIntel



---------------  S Y S T E M  ---------------

OS:
 Windows 10 , 64 bit Build 19041 (10.0.19041.2546)
OS uptime: 20 days 10:13 hours
Hyper-V role detected

CPU: total 8 (initial active 8) (4 cores per cpu, 2 threads per core) family 6 model 126 stepping 5 microcode 0x78, cx8, cmov, fxsr, ht, mmx, 3dnowpref, sse, sse2, sse3, ssse3, sse4.1, sse4.2, popcnt, lzcnt, tsc, tscinvbit, avx, avx2, aes, erms, clmul, bmi1, bmi2, adx, avx512f, avx512dq, avx512cd, avx512bw, avx512vl, sha, fma, vzeroupper, avx512_vpopcntdq, avx512_vpclmulqdq, avx512_vaes, avx512_vnni, clflush, clflushopt, avx512_vbmi2, avx512_vbmi, hv

Memory: 4k page, system-wide physical 20275M (573M free)
TotalPageFile size 50719M (AvailPageFile size 4M)
current process WorkingSet (physical memory assigned to process): 50M, peak: 50M
current process commit charge ("private bytes"): 417M, peak: 417M

vm_info: Java HotSpot(TM) 64-Bit Server VM (17.0.5+9-LTS-191) for windows-amd64 JRE (17.0.5+9-LTS-191), built on Sep 13 2022 17:31:43 by "mach5one" with MS VC++ 16.8 / 16.9 (VS2019)

END.
