#
# There is insufficient memory for the Java Runtime Environment to continue.
# Native memory allocation (mmap) failed to map 335544320 bytes for G1 virtual space
# Possible reasons:
#   The system is out of physical RAM or swap space
#   The process is running with CompressedOops enabled, and the Java Heap may be blocking the growth of the native heap
# Possible solutions:
#   Reduce memory load on the system
#   Increase physical memory or swap space
#   Check if swap backing store is full
#   Decrease Java heap size (-Xmx/-Xms)
#   Decrease number of Java threads
#   Decrease Java thread stack sizes (-Xss)
#   Set larger code cache with -XX:ReservedCodeCacheSize=
#   JVM is running with Zero Based Compressed Oops mode in which the Java heap is
#     placed in the first 32GB address space. The Java Heap base address is the
#     maximum limit for the native heap growth. Please use -XX:HeapBaseMinAddress
#     to set the Java Heap base and to place the Java Heap above 32GB virtual address.
# This output file may be truncated or incomplete.
#
#  Out of Memory Error (os_windows.cpp:3541), pid=12280, tid=24924
#
# JRE version:  (17.0.5+9) (build )
# Java VM: Java HotSpot(TM) 64-Bit Server VM (17.0.5+9-LTS-191, mixed mode, sharing, tiered, compressed oops, compressed class ptrs, g1 gc, windows-amd64)
# No core dump will be written. Minidumps are not enabled by default on client versions of Windows
#

---------------  S U M M A R Y ------------

Command Line: -Dmaven.multiModuleProjectDirectory=C:\Users\Lenovo\Desktop\parent\parent -Djansi.passthrough=true -Dmaven.home=C:\Users\Lenovo\.m2\wrapper\dists\apache-maven-3.8.7-bin\1ktonn2lleg549uah6ngl1r74r\apache-maven-3.8.7 -Dclassworlds.conf=C:\Users\Lenovo\.m2\wrapper\dists\apache-maven-3.8.7-bin\1ktonn2lleg549uah6ngl1r74r\apache-maven-3.8.7\bin\m2.conf -Dmaven.ext.class.path=C:\Program Files\JetBrains\IntelliJ IDEA Community Edition 2022.3.2\plugins\maven\lib\maven-event-listener.jar -javaagent:C:\Program Files\JetBrains\IntelliJ IDEA Community Edition 2022.3.2\lib\idea_rt.jar=52655:C:\Program Files\JetBrains\IntelliJ IDEA Community Edition 2022.3.2\bin -Dfile.encoding=UTF-8 org.codehaus.classworlds.Launcher -Didea.version=2022.3.2 clean install

Host: Intel(R) Core(TM) i5-1035G1 CPU @ 1.00GHz, 8 cores, 19G,  Windows 10 , 64 bit Build 19041 (10.0.19041.2546)
Time: Wed Mar  8 11:02:16 2023 Maroc (heure d64 bit Build 19041 (10.0.19041.2546) elapsed time: 0.025779 seconds (0d 0h 0m 0s)

---------------  T H R E A D  ---------------

Current thread (0x000001cf89770d90):  JavaThread "Unknown thread" [_thread_in_vm, id=24924, stack(0x00000034c6900000,0x00000034c6a00000)]

Stack: [0x00000034c6900000,0x00000034c6a00000]
Native frames: (J=compiled Java code, j=interpreted, Vv=VM code, C=native code)
V  [jvm.dll+0x672eea]
V  [jvm.dll+0x7d2a04]
V  [jvm.dll+0x7d41ae]
V  [jvm.dll+0x7d4813]
V  [jvm.dll+0x242c15]
V  [jvm.dll+0x66fe09]
V  [jvm.dll+0x664682]
V  [jvm.dll+0x300e8b]
V  [jvm.dll+0x308426]
V  [jvm.dll+0x357ffe]
V  [jvm.dll+0x35822f]
V  [jvm.dll+0x2d80a8]
V  [jvm.dll+0x2d9014]
V  [jvm.dll+0x7a44e1]
V  [jvm.dll+0x365df1]
V  [jvm.dll+0x7838fc]
V  [jvm.dll+0x3e873f]
V  [jvm.dll+0x3ea1e1]
C  [jli.dll+0x527b]
C  [ucrtbase.dll+0x21bb2]
C  [KERNEL32.DLL+0x17614]
C  [ntdll.dll+0x526a1]


---------------  P R O C E S S  ---------------

Threads class SMR info:
_java_thread_list=0x00007ffe8b82a8d8, length=0, elements={
}

Java Threads: ( => current thread )

Other Threads:
  0x000001cf897e82d0 GCTaskThread "GC Thread#0" [stack: 0x00000034c6a00000,0x00000034c6b00000] [id=18980]
  0x000001cf89811900 ConcurrentGCThread "G1 Main Marker" [stack: 0x00000034c6b00000,0x00000034c6c00000] [id=47832]
  0x000001cf89813ac0 ConcurrentGCThread "G1 Conc#0" [stack: 0x00000034c6c00000,0x00000034c6d00000] [id=45192]

[error occurred during error reporting (printing all threads), id 0xc0000005, EXCEPTION_ACCESS_VIOLATION (0xc0000005) at pc=0x00007ffe8b078a97]

VM state: not at safepoint (not fully initialized)

VM Mutex/Monitor currently owned by a thread:  ([mutex/lock_event])
[0x000001cf8976c680] Heap_lock - owner thread: 0x000001cf89770d90

Heap address: 0x00000006c3000000, size: 5072 MB, Compressed Oops mode: Zero based, Oop shift amount: 3

CDS archive(s) mapped at: [0x0000000000000000-0x0000000000000000-0x0000000000000000), size 0, SharedBaseAddress: 0x0000000800000000, ArchiveRelocationMode: 0.
Narrow klass base: 0x0000000000000000, Narrow klass shift: 0, Narrow klass range: 0x0

GC Precious Log:
<Empty>

Heap:
 garbage-first heap   total 0K, used 0K [0x00000006c3000000, 0x0000000800000000)
  region size 4096K, 0 young (0K), 0 survivors (0K)

[error occurred during error reporting (printing heap information), id 0xc0000005, EXCEPTION_ACCESS_VIOLATION (0xc0000005) at pc=0x00007ffe8b45c399]

GC Heap History (0 events):
No events

Deoptimization events (0 events):
No events

Classes unloaded (0 events):
No events

Classes redefined (0 events):
No events

Internal exceptions (0 events):
No events

VM Operations (0 events):
No events

Events (1 events):
Event: 0.019 Loaded shared library C:\Program Files\Java\jdk-17.0.5\bin\java.dll


Dynamic libraries:
0x00007ff7b65d0000 - 0x00007ff7b65e0000 	C:\Program Files\Java\jdk-17.0.5\bin\java.exe
0x00007ffef5250000 - 0x00007ffef5448000 	C:\Windows\SYSTEM32\ntdll.dll
0x00007ffef4280000 - 0x00007ffef433f000 	C:\Windows\System32\KERNEL32.DLL
0x00007ffef2d90000 - 0x00007ffef3062000 	C:\Windows\System32\KERNELBASE.dll
0x00007ffef2b30000 - 0x00007ffef2c30000 	C:\Windows\System32\ucrtbase.dll
0x00007ffee9a50000 - 0x00007ffee9a68000 	C:\Program Files\Java\jdk-17.0.5\bin\jli.dll
0x00007ffee9a70000 - 0x00007ffee9a8a000 	C:\Program Files\Java\jdk-17.0.5\bin\VCRUNTIME140.dll
0x00007ffef4490000 - 0x00007ffef453e000 	C:\Windows\System32\ADVAPI32.dll
0x00007ffef3430000 - 0x00007ffef34ce000 	C:\Windows\System32\msvcrt.dll
0x00007ffef3550000 - 0x00007ffef35ec000 	C:\Windows\System32\sechost.dll
0x00007ffef4900000 - 0x00007ffef4a25000 	C:\Windows\System32\RPCRT4.dll
0x00007ffef40d0000 - 0x00007ffef4271000 	C:\Windows\System32\USER32.dll
0x00007ffee1580000 - 0x00007ffee181a000 	C:\Windows\WinSxS\amd64_microsoft.windows.common-controls_6595b64144ccf1df_6.0.19041.1110_none_60b5254171f9507e\COMCTL32.dll
0x00007ffef2a50000 - 0x00007ffef2a72000 	C:\Windows\System32\win32u.dll
0x00007ffef51e0000 - 0x00007ffef520b000 	C:\Windows\System32\GDI32.dll
0x00007ffef30a0000 - 0x00007ffef31af000 	C:\Windows\System32\gdi32full.dll
0x00007ffef29b0000 - 0x00007ffef2a4d000 	C:\Windows\System32\msvcp_win.dll
0x00007ffeed710000 - 0x00007ffeed71a000 	C:\Windows\SYSTEM32\VERSION.dll
0x00007ffef4090000 - 0x00007ffef40c2000 	C:\Windows\System32\IMM32.DLL
0x00007ffeed570000 - 0x00007ffeed57c000 	C:\Program Files\Java\jdk-17.0.5\bin\vcruntime140_1.dll
0x00007ffed0310000 - 0x00007ffed039d000 	C:\Program Files\Java\jdk-17.0.5\bin\msvcp140.dll
0x00007ffe8ad90000 - 0x00007ffe8b952000 	C:\Program Files\Java\jdk-17.0.5\bin\server\jvm.dll
0x00007ffef34d0000 - 0x00007ffef34d8000 	C:\Windows\System32\PSAPI.DLL
0x00007ffee2260000 - 0x00007ffee2269000 	C:\Windows\SYSTEM32\WSOCK32.dll
0x00007ffee76b0000 - 0x00007ffee76d7000 	C:\Windows\SYSTEM32\WINMM.dll
0x00007ffef3f70000 - 0x00007ffef3fdb000 	C:\Windows\System32\WS2_32.dll
0x00007ffef1150000 - 0x00007ffef1162000 	C:\Windows\SYSTEM32\kernel.appcore.dll
0x00007ffeeb310000 - 0x00007ffeeb31a000 	C:\Program Files\Java\jdk-17.0.5\bin\jimage.dll
0x00007ffef06a0000 - 0x00007ffef0884000 	C:\Windows\SYSTEM32\DBGHELP.DLL
0x00007ffeea680000 - 0x00007ffeea6b5000 	C:\Windows\SYSTEM32\dbgcore.DLL
0x00007ffef31b0000 - 0x00007ffef3232000 	C:\Windows\System32\bcryptPrimitives.dll
0x00007ffee9b30000 - 0x00007ffee9b3e000 	C:\Program Files\Java\jdk-17.0.5\bin\instrument.dll
0x00007ffee97a0000 - 0x00007ffee97c5000 	C:\Program Files\Java\jdk-17.0.5\bin\java.dll

dbghelp: loaded successfully - version: 4.0.5 - missing functions: none
symbol engine: initialized successfully - sym options: 0x614 - pdb path: .;C:\Program Files\Java\jdk-17.0.5\bin;C:\Windows\SYSTEM32;C:\Windows\WinSxS\amd64_microsoft.windows.common-controls_6595b64144ccf1df_6.0.19041.1110_none_60b5254171f9507e;C:\Program Files\Java\jdk-17.0.5\bin\server

VM Arguments:
jvm_args: -Dmaven.multiModuleProjectDirectory=C:\Users\Lenovo\Desktop\parent\parent -Djansi.passthrough=true -Dmaven.home=C:\Users\Lenovo\.m2\wrapper\dists\apache-maven-3.8.7-bin\1ktonn2lleg549uah6ngl1r74r\apache-maven-3.8.7 -Dclassworlds.conf=C:\Users\Lenovo\.m2\wrapper\dists\apache-maven-3.8.7-bin\1ktonn2lleg549uah6ngl1r74r\apache-maven-3.8.7\bin\m2.conf -Dmaven.ext.class.path=C:\Program Files\JetBrains\IntelliJ IDEA Community Edition 2022.3.2\plugins\maven\lib\maven-event-listener.jar -javaagent:C:\Program Files\JetBrains\IntelliJ IDEA Community Edition 2022.3.2\lib\idea_rt.jar=52655:C:\Program Files\JetBrains\IntelliJ IDEA Community Edition 2022.3.2\bin -Dfile.encoding=UTF-8 
java_command: org.codehaus.classworlds.Launcher -Didea.version=2022.3.2 clean install
java_class_path (initial): C:\Users\Lenovo\.m2\wrapper\dists\apache-maven-3.8.7-bin\1ktonn2lleg549uah6ngl1r74r\apache-maven-3.8.7\boot\plexus-classworlds-2.6.0.jar;C:\Users\Lenovo\.m2\wrapper\dists\apache-maven-3.8.7-bin\1ktonn2lleg549uah6ngl1r74r\apache-maven-3.8.7\boot\plexus-classworlds.license
Launcher Type: SUN_STANDARD

[Global flags]
     intx CICompilerCount                          = 4                                         {product} {ergonomic}
     uint ConcGCThreads                            = 2                                         {product} {ergonomic}
     uint G1ConcRefinementThreads                  = 8                                         {product} {ergonomic}
   size_t G1HeapRegionSize                         = 4194304                                   {product} {ergonomic}
    uintx GCDrainStackTargetSize                   = 64                                        {product} {ergonomic}
   size_t InitialHeapSize                          = 335544320                                 {product} {ergonomic}
   size_t MarkStackSize                            = 4194304                                   {product} {ergonomic}
   size_t MaxHeapSize                              = 5318377472                                {product} {ergonomic}
   size_t MinHeapDeltaBytes                        = 4194304                                   {product} {ergonomic}
   size_t MinHeapSize                              = 8388608                                   {product} {ergonomic}
    uintx NonNMethodCodeHeapSize                   = 5839372                                {pd product} {ergonomic}
    uintx NonProfiledCodeHeapSize                  = 122909434                              {pd product} {ergonomic}
    uintx ProfiledCodeHeapSize                     = 122909434                              {pd product} {ergonomic}
    uintx ReservedCodeCacheSize                    = 251658240                              {pd product} {ergonomic}
     bool SegmentedCodeCache                       = true                                      {product} {ergonomic}
   size_t SoftMaxHeapSize                          = 5318377472                             {manageable} {ergonomic}
     bool UseCompressedClassPointers               = true                           {product lp64_product} {ergonomic}
     bool UseCompressedOops                        = true                           {product lp64_product} {ergonomic}
     bool UseG1GC                                  = true                                      {product} {ergonomic}
     bool UseLargePagesIndividualAllocation        = false                                  {pd product} {ergonomic}

Logging:
Log output configuration:
 #0: stdout all=warning uptime,level,tags
 #1: stderr all=off uptime,level,tags

Environment Variables:
JAVA_HOME=C:\Program Files\Java\jdk-17.0.5
PATH=C:\Program Files\Common Files\Oracle\Java\javapath;C:\Program Files (x86)\Common Files\Oracle\Java\javapath;C:\Windows\system32;C:\Windows;C:\Windows\System32\Wbem;C:\Windows\System32\WindowsPowerShell\v1.0\;C:\Windows\System32\OpenSSH\;C:\Program Files\Java\jdk-11.0.16\bin;C:\ProgramData\chocolatey\bin;C:\Program Files\nodejs\;C:\Program Files\Java\jdk-17.0.5\bin;C:\elasticsearch-8.6.0\bin;C:\logstash-8.6.0\bin;C:\Program Files\Docker\Docker\resources\bin;C:\apache-maven-3.8.7\bin;C:\Program Files\Java\jdk-17.0.5\bin;C:\Program Files\Java\jdk1.8.0_361\bin;C:\Program Files\PowerShell\7\;C:\Program Files\Git\cmd;C:\Users\Lenovo\AppData\Local\Microsoft\WindowsApps;C:\Users\Lenovo\AppData\Local\GitHubDesktop\bin;C:\Program Files\JetBrains\IntelliJ IDEA 2022.3.1\bin;;C:\Users\Lenovo\AppData\Roaming\npm;C:\Users\Lenovo\AppData\Local\Programs\Microsoft VS Code\bin;C:\Program Files\Docker Toolbox;C:\Program Files\Docker Toolbox
USERNAME=Lenovo
OS=Windows_NT
PROCESSOR_IDENTIFIER=Intel64 Family 6 Model 126 Stepping 5, GenuineIntel



---------------  S Y S T E M  ---------------

OS:
 Windows 10 , 64 bit Build 19041 (10.0.19041.2546)
OS uptime: 20 days 10:07 hours
Hyper-V role detected

CPU: total 8 (initial active 8) (4 cores per cpu, 2 threads per core) family 6 model 126 stepping 5 microcode 0x78, cx8, cmov, fxsr, ht, mmx, 3dnowpref, sse, sse2, sse3, ssse3, sse4.1, sse4.2, popcnt, lzcnt, tsc, tscinvbit, avx, avx2, aes, erms, clmul, bmi1, bmi2, adx, avx512f, avx512dq, avx512cd, avx512bw, avx512vl, sha, fma, vzeroupper, avx512_vpopcntdq, avx512_vpclmulqdq, avx512_vaes, avx512_vnni, clflush, clflushopt, avx512_vbmi2, avx512_vbmi, hv

Memory: 4k page, system-wide physical 20275M (615M free)
TotalPageFile size 50719M (AvailPageFile size 243M)
current process WorkingSet (physical memory assigned to process): 11M, peak: 11M
current process commit charge ("private bytes"): 60M, peak: 380M

vm_info: Java HotSpot(TM) 64-Bit Server VM (17.0.5+9-LTS-191) for windows-amd64 JRE (17.0.5+9-LTS-191), built on Sep 13 2022 17:31:43 by "mach5one" with MS VC++ 16.8 / 16.9 (VS2019)

END.
